{"numTotalTestSuites":204,"numPassedTestSuites":204,"numFailedTestSuites":0,"numPendingTestSuites":0,"numTotalTests":643,"numPassedTests":643,"numFailedTests":0,"numPendingTests":0,"numTodoTests":0,"snapshot":{"added":0,"failure":false,"filesAdded":0,"filesRemoved":0,"filesRemovedList":[],"filesUnmatched":0,"filesUpdated":0,"matched":0,"total":0,"unchecked":0,"uncheckedKeysByFile":[],"unmatched":0,"updated":0,"didUpdate":false},"startTime":1789231798026,"success":true,"testResults":[{"assertionResults":[{"ancestorTitles":["getRequiredSkills"],"fullName":"getRequiredSkills 未認証は [] (DBを引かない)","status":"passed","title":"未認証は [] (DBを引かない)","duration":18.629399999999805,"failureMessages":[],"meta":{},"tags":[]},{"ancestorTitles":["getRequiredSkills"],"fullName":"getRequiredSkills 不正 id は []","status":"passed","title":"不正 id は []","duration":2.3463000000001557,"failureMessages":[],"meta":{},"tags":[]},{"ancestorTitles":["getRequiredSkills"],"fullName":"getRequiredSkills 他人の非公開曲は [] (IDOR防止)","status":"passed","title":"他人の非公開曲は [] (IDOR防止)","duration":1.7775999999994383,"failureMessages":[],"meta":{},"tags":[]},{"ancestorTitles":["getRequiredSkills"],"fullName":"getRequiredSkills 自分の曲はタグから技術チップを返す","status":"passed","title":"自分の曲はタグから技術チップを返す","duration":3.4007999999994354,"failureMessages":[],"meta":{},"tags":[]}],"startTime":1789231883396,"endTime":1789231883422.401,"status":"passed","message":"","name":"C:/Users/tetsu/OneDrive/Desktop/shiftB/music-app/music-app/app/actions/getRequiredSkills.test.ts"},{"assertionResults":[{"ancestorTitles":["getScorePreview"],"fullName":"getScorePreview 未認証は null (DBを引かない)","status":"passed","title":"未認証は null (DBを引かない)","duration":17.52940000000035,"failureMessages":[],"meta":{},"tags":[]},{"ancestorTitles":["getScorePreview"],"fullName":"getScorePreview 不正な id は null","status":"passed","title":"不正な id は null","duration":4.567700000000059,"failureMessages":[],"meta":{},"tags":[]},{"ancestorTitles":["getScorePreview"],"fullName":"getScorePreview 他人の非公開曲は null (IDOR防止)","status":"passed","title":"他人の非公開曲は null (IDOR防止)","duration":2.387300000000323,"failureMessages":[],"meta":{},"tags":[]},{"ancestorTitles":["getScorePreview"],"fullName":"getScorePreview 共有曲は取得可","status":"passed","title":"共有曲は取得可","duration":2.263300000000072,"failureMessages":[],"meta":{},"tags":[]},{"ancestorTitles":["getScorePreview"],"fullName":"getScorePreview 自分の曲は取得可","status":"passed","title":"自分の曲は取得可","duration":2.1856000000002496,"failureMessages":[],"meta":{},"tags":[]},{"ancestorTitles":["getPracticeItemPreview"],"fullName":"getPracticeItemPreview 未認証は null","status":"passed","title":"未認証は null","duration":3.6305999999999585,"failureMessages":[],"meta":{},"tags":[]},{"ancestorTitles":["getPracticeItemPreview"],"fullName":"getPracticeItemPreview 認証済みなら共有カリキュラムとして取得可","status":"passed","title":"認証済みなら共有カリキュラムとして取得可","duration":2.214600000000246,"failureMessages":[],"meta":{},"tags":[]}],"startTime":1789231857427,"endTime":1789231857464.2146,"status":"passed","message":"","name":"C:/Users/tetsu/OneDrive/Desktop/shiftB/music-app/music-app/app/actions/getScorePreview.test.ts"},{"assertionResults":[{"ancestorTitles":["getScoreAnnotation"],"fullName":"getScoreAnnotation 未認証は error","status":"passed","title":"未認証は error","duration":15.126699999998891,"failureMessages":[],"meta":{},"tags":[]},{"ancestorTitles":["getScoreAnnotation"],"fullName":"getScoreAnnotation 対象idが無効なら error","status":"passed","title":"対象idが無効なら error","duration":4.174200000001292,"failureMessages":[],"meta":{},"tags":[]},{"ancestorTitles":["getScoreAnnotation"],"fullName":"getScoreAnnotation レコード無しは空データ","status":"passed","title":"レコード無しは空データ","duration":5.9187999999994645,"failureMessages":[],"meta":{},"tags":[]},{"ancestorTitles":["getScoreAnnotation"],"fullName":"getScoreAnnotation 保存済みデータを返す","status":"passed","title":"保存済みデータを返す","duration":3.86830000000009,"failureMessages":[],"meta":{},"tags":[]},{"ancestorTitles":["saveScoreAnnotation"],"fullName":"saveScoreAnnotation 未認証は error","status":"passed","title":"未認証は error","duration":2.5909999999985303,"failureMessages":[],"meta":{},"tags":[]},{"ancestorTitles":["saveScoreAnnotation"],"fullName":"saveScoreAnnotation 通常は upsert される","status":"passed","title":"通常は upsert される","duration":714.2534999999989,"failureMessages":[],"meta":{},"tags":[]},{"ancestorTitles":["saveScoreAnnotation"],"fullName":"saveScoreAnnotation P2002競合は updateMany で再試行 (⑧)","status":"passed","title":"P2002競合は updateMany で再試行 (⑧)","duration":3.6975000000002183,"failureMessages":[],"meta":{},"tags":[]},{"ancestorTitles":["saveScoreAnnotation"],"fullName":"saveScoreAnnotation P2002以外のエラーは投げる","status":"passed","title":"P2002以外のエラーは投げる","duration":5.70640000000094,"failureMessages":[],"meta":{},"tags":[]}],"startTime":1789231824729,"endTime":1789231825488.7063,"status":"passed","message":"","name":"C:/Users/tetsu/OneDrive/Desktop/shiftB/music-app/music-app/app/actions/scoreAnnotations.test.ts"},{"assertionResults":[{"ancestorTitles":["録音の状態が親へ伝わる"],"fullName":"録音の状態が親へ伝わる 録音 → プレビュー → もう一度 で idle に戻る","status":"passed","title":"録音 → プレビュー → もう一度 で idle に戻る","duration":9.488899999999376,"failureMessages":[],"meta":{},"tags":[]},{"ancestorTitles":["録音の状態が親へ伝わる"],"fullName":"録音の状態が親へ伝わる 録音エラーで idle に落ちたときも入口が戻る","status":"passed","title":"録音エラーで idle に落ちたときも入口が戻る","duration":2.433799999999792,"failureMessages":[],"meta":{},"tags":[]},{"ancestorTitles":["録音の状態が親へ伝わる"],"fullName":"録音の状態が親へ伝わる 採点を送ったあと結果画面では入口を出さない","status":"passed","title":"採点を送ったあと結果画面では入口を出さない","duration":7.943100000000413,"failureMessages":[],"meta":{},"tags":[]},{"ancestorTitles":["録音の状態が親へ伝わる"],"fullName":"録音の状態が親へ伝わる idle 以外のどの状態からでも idle に戻せる","status":"passed","title":"idle 以外のどの状態からでも idle に戻せる","duration":3.6549999999997453,"failureMessages":[],"meta":{},"tags":[]},{"ancestorTitles":["録音の状態が親へ伝わる"],"fullName":"録音の状態が親へ伝わる 録音中と準備中は入口を出さない","status":"passed","title":"録音中と準備中は入口を出さない","duration":1.2362999999995736,"failureMessages":[],"meta":{},"tags":[]}],"startTime":1789231889380,"endTime":1789231889406.2363,"status":"passed","message":"","name":"C:/Users/tetsu/OneDrive/Desktop/shiftB/music-app/music-app/app/components/recorderStatus.test.ts"},{"assertionResults":[{"ancestorTitles":["EVALUATED_STATUSES (定数の中身)"],"fullName":"EVALUATED_STATUSES (定数の中身) 集計対象に含めるべき 8 status を過不足なく列挙している","status":"passed","title":"集計対象に含めるべき 8 status を過不足なく列挙している","duration":12.189799999999195,"failureMessages":[],"meta":{},"tags":[]},{"ancestorTitles":["EVALUATED_STATUSES (定数の中身)"],"fullName":"EVALUATED_STATUSES (定数の中身) 判定保留系 (not_*/section_missing/spectral_inconclusive) を含まない","status":"passed","title":"判定保留系 (not_*/section_missing/spectral_inconclusive) を含まない","duration":6.96980000000076,"failureMessages":[],"meta":{},"tags":[]},{"ancestorTitles":["EVALUATED_STATUSES (定数の中身)"],"fullName":"EVALUATED_STATUSES (定数の中身) 重音3種 + ハーモニクス3種を集計対象に含む (v1.7 Phase D/E 思想)","status":"passed","title":"重音3種 + ハーモニクス3種を集計対象に含む (v1.7 Phase D/E 思想)","duration":4.491500000000087,"failureMessages":[],"meta":{},"tags":[]},{"ancestorTitles":["isEvaluated: 全 EvaluationStatus を網羅"],"fullName":"isEvaluated: 全 EvaluationStatus を網羅 \"evaluated\" -> true","status":"passed","title":"\"evaluated\" -> true","duration":1.8644999999996799,"failureMessages":[],"meta":{},"tags":[]},{"ancestorTitles":["isEvaluated: 全 EvaluationStatus を網羅"],"fullName":"isEvaluated: 全 EvaluationStatus を網羅 \"pitch_only\" -> true","status":"passed","title":"\"pitch_only\" -> true","duration":0.8881000000001222,"failureMessages":[],"meta":{},"tags":[]},{"ancestorTitles":["isEvaluated: 全 EvaluationStatus を網羅"],"fullName":"isEvaluated: 全 EvaluationStatus を網羅 \"not_evaluated\" -> false","status":"passed","title":"\"not_evaluated\" -> false","duration":0.5955000000003565,"failureMessages":[],"meta":{},"tags":[]},{"ancestorTitles":["isEvaluated: 全 EvaluationStatus を網羅"],"fullName":"isEvaluated: 全 EvaluationStatus を網羅 \"not_detected\" -> false","status":"passed","title":"\"not_detected\" -> false","duration":1.0226000000002387,"failureMessages":[],"meta":{},"tags":[]},{"ancestorTitles":["isEvaluated: 全 EvaluationStatus を網羅"],"fullName":"isEvaluated: 全 EvaluationStatus を網羅 \"section_missing\" -> false","status":"passed","title":"\"section_missing\" -> false","duration":2.028900000000249,"failureMessages":[],"meta":{},"tags":[]},{"ancestorTitles":["isEvaluated: 全 EvaluationStatus を網羅"],"fullName":"isEvaluated: 全 EvaluationStatus を網羅 \"double_stop_full\" -> true","status":"passed","title":"\"double_stop_full\" -> true","duration":4.258600000000115,"failureMessages":[],"meta":{},"tags":[]},{"ancestorTitles":["isEvaluated: 全 EvaluationStatus を網羅"],"fullName":"isEvaluated: 全 EvaluationStatus を網羅 \"double_stop_partial\" -> true","status":"passed","title":"\"double_stop_partial\" -> true","duration":1.6882999999997992,"failureMessages":[],"meta":{},"tags":[]},{"ancestorTitles":["isEvaluated: 全 EvaluationStatus を網羅"],"fullName":"isEvaluated: 全 EvaluationStatus を網羅 \"double_stop_miss\" -> true","status":"passed","title":"\"double_stop_miss\" -> true","duration":1.1838999999999942,"failureMessages":[],"meta":{},"tags":[]},{"ancestorTitles":["isEvaluated: 全 EvaluationStatus を網羅"],"fullName":"isEvaluated: 全 EvaluationStatus を網羅 \"harmonic_ok\" -> true","status":"passed","title":"\"harmonic_ok\" -> true","duration":1.4767000000001644,"failureMessages":[],"meta":{},"tags":[]},{"ancestorTitles":["isEvaluated: 全 EvaluationStatus を網羅"],"fullName":"isEvaluated: 全 EvaluationStatus を網羅 \"harmonic_normal_tone\" -> true","status":"passed","title":"\"harmonic_normal_tone\" -> true","duration":1.3733000000001994,"failureMessages":[],"meta":{},"tags":[]},{"ancestorTitles":["isEvaluated: 全 EvaluationStatus を網羅"],"fullName":"isEvaluated: 全 EvaluationStatus を網羅 \"harmonic_miss\" -> true","status":"passed","title":"\"harmonic_miss\" -> true","duration":0.6648999999997613,"failureMessages":[],"meta":{},"tags":[]},{"ancestorTitles":["isEvaluated: 全 EvaluationStatus を網羅"],"fullName":"isEvaluated: 全 EvaluationStatus を網羅 \"spectral_inconclusive\" -> false","status":"passed","title":"\"spectral_inconclusive\" -> false","duration":0.5960999999997512,"failureMessages":[],"meta":{},"tags":[]},{"ancestorTitles":["isEvaluated: 全 EvaluationStatus を網羅"],"fullName":"isEvaluated: 全 EvaluationStatus を網羅 網羅表は全 12 status をカバーしている (漏れ検知)","status":"passed","title":"網羅表は全 12 status をカバーしている (漏れ検知)","duration":0.8501999999998588,"failureMessages":[],"meta":{},"tags":[]},{"ancestorTitles":["isEvaluated: 欠損・不正値の扱い"],"fullName":"isEvaluated: 欠損・不正値の扱い undefined -> false","status":"passed","title":"undefined -> false","duration":0.9310999999997875,"failureMessages":[],"meta":{},"tags":[]},{"ancestorTitles":["isEvaluated: 欠損・不正値の扱い"],"fullName":"isEvaluated: 欠損・不正値の扱い null -> false","status":"passed","title":"null -> false","duration":1.0886000000000422,"failureMessages":[],"meta":{},"tags":[]},{"ancestorTitles":["isEvaluated: 欠損・不正値の扱い"],"fullName":"isEvaluated: 欠損・不正値の扱い 空文字 -> false (falsy 早期 return)","status":"passed","title":"空文字 -> false (falsy 早期 return)","duration":0.9140999999999622,"failureMessages":[],"meta":{},"tags":[]},{"ancestorTitles":["isEvaluated: 欠損・不正値の扱い"],"fullName":"isEvaluated: 欠損・不正値の扱い キー自体が無い -> false","status":"passed","title":"キー自体が無い -> false","duration":0.8299999999999272,"failureMessages":[],"meta":{},"tags":[]},{"ancestorTitles":["isEvaluated: 欠損・不正値の扱い"],"fullName":"isEvaluated: 欠損・不正値の扱い 未知の文字列 -> false","status":"passed","title":"未知の文字列 -> false","duration":0.7514000000001033,"failureMessages":[],"meta":{},"tags":[]},{"ancestorTitles":["isEvaluated: 欠損・不正値の扱い"],"fullName":"isEvaluated: 欠損・不正値の扱い 大文字違い -> false (完全一致のみ)","status":"passed","title":"大文字違い -> false (完全一致のみ)","duration":0.555000000000291,"failureMessages":[],"meta":{},"tags":[]},{"ancestorTitles":["pitchScore: △ (partial/normal_tone) は pitch_ok に関わらず 0.5"],"fullName":"pitchScore: △ (partial/normal_tone) は pitch_ok に関わらず 0.5 double_stop_partial + pitch_ok=null -> 0.5 (集約規則: 部分一致は pitch_ok=null)","status":"passed","title":"double_stop_partial + pitch_ok=null -> 0.5 (集約規則: 部分一致は pitch_ok=null)","duration":0.9633000000003449,"failureMessages":[],"meta":{},"tags":[]},{"ancestorTitles":["pitchScore: △ (partial/normal_tone) は pitch_ok に関わらず 0.5"],"fullName":"pitchScore: △ (partial/normal_tone) は pitch_ok に関わらず 0.5 double_stop_partial + pitch_ok=true -> 0.5 (partial が優先)","status":"passed","title":"double_stop_partial + pitch_ok=true -> 0.5 (partial が優先)","duration":0.6536000000005515,"failureMessages":[],"meta":{},"tags":[]},{"ancestorTitles":["pitchScore: △ (partial/normal_tone) は pitch_ok に関わらず 0.5"],"fullName":"pitchScore: △ (partial/normal_tone) は pitch_ok に関わらず 0.5 double_stop_partial + pitch_ok=false -> 0.5 (partial が優先)","status":"passed","title":"double_stop_partial + pitch_ok=false -> 0.5 (partial が優先)","duration":0.609599999999773,"failureMessages":[],"meta":{},"tags":[]},{"ancestorTitles":["pitchScore: △ (partial/normal_tone) は pitch_ok に関わらず 0.5"],"fullName":"pitchScore: △ (partial/normal_tone) は pitch_ok に関わらず 0.5 harmonic_normal_tone + pitch_ok=null -> 0.5 (音程合うが普通の音色)","status":"passed","title":"harmonic_normal_tone + pitch_ok=null -> 0.5 (音程合うが普通の音色)","duration":0.6682000000000698,"failureMessages":[],"meta":{},"tags":[]},{"ancestorTitles":["pitchScore: △ (partial/normal_tone) は pitch_ok に関わらず 0.5"],"fullName":"pitchScore: △ (partial/normal_tone) は pitch_ok に関わらず 0.5 harmonic_normal_tone + pitch_ok=false -> 0.5","status":"passed","title":"harmonic_normal_tone + pitch_ok=false -> 0.5","duration":0.6539999999995416,"failureMessages":[],"meta":{},"tags":[]},{"ancestorTitles":["pitchScore: △ 以外は pitch_ok===true で 1.0, それ以外 0.0"],"fullName":"pitchScore: △ 以外は pitch_ok===true で 1.0, それ以外 0.0 \"evaluated\" + pitch_ok=true -> 1.0","status":"passed","title":"\"evaluated\" + pitch_ok=true -> 1.0","duration":71.05400000000009,"failureMessages":[],"meta":{},"tags":[]},{"ancestorTitles":["pitchScore: △ 以外は pitch_ok===true で 1.0, それ以外 0.0"],"fullName":"pitchScore: △ 以外は pitch_ok===true で 1.0, それ以外 0.0 \"evaluated\" + pitch_ok=false -> 0.0","status":"passed","title":"\"evaluated\" + pitch_ok=false -> 0.0","duration":0.9993999999996959,"failureMessages":[],"meta":{},"tags":[]},{"ancestorTitles":["pitchScore: △ 以外は pitch_ok===true で 1.0, それ以外 0.0"],"fullName":"pitchScore: △ 以外は pitch_ok===true で 1.0, それ以外 0.0 \"evaluated\" + pitch_ok=null -> 0.0 (true 以外は 0)","status":"passed","title":"\"evaluated\" + pitch_ok=null -> 0.0 (true 以外は 0)","duration":5.359699999999975,"failureMessages":[],"meta":{},"tags":[]},{"ancestorTitles":["pitchScore: △ 以外は pitch_ok===true で 1.0, それ以外 0.0"],"fullName":"pitchScore: △ 以外は pitch_ok===true で 1.0, それ以外 0.0 \"pitch_only\" + pitch_ok=true -> 1.0","status":"passed","title":"\"pitch_only\" + pitch_ok=true -> 1.0","duration":0.6264000000001033,"failureMessages":[],"meta":{},"tags":[]},{"ancestorTitles":["pitchScore: △ 以外は pitch_ok===true で 1.0, それ以外 0.0"],"fullName":"pitchScore: △ 以外は pitch_ok===true で 1.0, それ以外 0.0 \"pitch_only\" + pitch_ok=false -> 0.0","status":"passed","title":"\"pitch_only\" + pitch_ok=false -> 0.0","duration":0.5084000000006199,"failureMessages":[],"meta":{},"tags":[]},{"ancestorTitles":["pitchScore: △ 以外は pitch_ok===true で 1.0, それ以外 0.0"],"fullName":"pitchScore: △ 以外は pitch_ok===true で 1.0, それ以外 0.0 \"pitch_only\" + pitch_ok=null -> 0.0 (true 以外は 0)","status":"passed","title":"\"pitch_only\" + pitch_ok=null -> 0.0 (true 以外は 0)","duration":0.4161000000003696,"failureMessages":[],"meta":{},"tags":[]},{"ancestorTitles":["pitchScore: △ 以外は pitch_ok===true で 1.0, それ以外 0.0"],"fullName":"pitchScore: △ 以外は pitch_ok===true で 1.0, それ以外 0.0 \"not_evaluated\" + pitch_ok=true -> 1.0","status":"passed","title":"\"not_evaluated\" + pitch_ok=true -> 1.0","duration":0.3099000000001979,"failureMessages":[],"meta":{},"tags":[]},{"ancestorTitles":["pitchScore: △ 以外は pitch_ok===true で 1.0, それ以外 0.0"],"fullName":"pitchScore: △ 以外は pitch_ok===true で 1.0, それ以外 0.0 \"not_evaluated\" + pitch_ok=false -> 0.0","status":"passed","title":"\"not_evaluated\" + pitch_ok=false -> 0.0","duration":0.37889999999970314,"failureMessages":[],"meta":{},"tags":[]},{"ancestorTitles":["pitchScore: △ 以外は pitch_ok===true で 1.0, それ以外 0.0"],"fullName":"pitchScore: △ 以外は pitch_ok===true で 1.0, それ以外 0.0 \"not_evaluated\" + pitch_ok=null -> 0.0 (true 以外は 0)","status":"passed","title":"\"not_evaluated\" + pitch_ok=null -> 0.0 (true 以外は 0)","duration":0.34569999999985157,"failureMessages":[],"meta":{},"tags":[]},{"ancestorTitles":["pitchScore: △ 以外は pitch_ok===true で 1.0, それ以外 0.0"],"fullName":"pitchScore: △ 以外は pitch_ok===true で 1.0, それ以外 0.0 \"not_detected\" + pitch_ok=true -> 1.0","status":"passed","title":"\"not_detected\" + pitch_ok=true -> 1.0","duration":0.38290000000051805,"failureMessages":[],"meta":{},"tags":[]},{"ancestorTitles":["pitchScore: △ 以外は pitch_ok===true で 1.0, それ以外 0.0"],"fullName":"pitchScore: △ 以外は pitch_ok===true で 1.0, それ以外 0.0 \"not_detected\" + pitch_ok=false -> 0.0","status":"passed","title":"\"not_detected\" + pitch_ok=false -> 0.0","duration":0.3635000000003856,"failureMessages":[],"meta":{},"tags":[]},{"ancestorTitles":["pitchScore: △ 以外は pitch_ok===true で 1.0, それ以外 0.0"],"fullName":"pitchScore: △ 以外は pitch_ok===true で 1.0, それ以外 0.0 \"not_detected\" + pitch_ok=null -> 0.0 (true 以外は 0)","status":"passed","title":"\"not_detected\" + pitch_ok=null -> 0.0 (true 以外は 0)","duration":0.5061999999998079,"failureMessages":[],"meta":{},"tags":[]},{"ancestorTitles":["pitchScore: △ 以外は pitch_ok===true で 1.0, それ以外 0.0"],"fullName":"pitchScore: △ 以外は pitch_ok===true で 1.0, それ以外 0.0 \"section_missing\" + pitch_ok=true -> 1.0","status":"passed","title":"\"section_missing\" + pitch_ok=true -> 1.0","duration":0.4470000000001164,"failureMessages":[],"meta":{},"tags":[]},{"ancestorTitles":["pitchScore: △ 以外は pitch_ok===true で 1.0, それ以外 0.0"],"fullName":"pitchScore: △ 以外は pitch_ok===true で 1.0, それ以外 0.0 \"section_missing\" + pitch_ok=false -> 0.0","status":"passed","title":"\"section_missing\" + pitch_ok=false -> 0.0","duration":0.37819999999919673,"failureMessages":[],"meta":{},"tags":[]},{"ancestorTitles":["pitchScore: △ 以外は pitch_ok===true で 1.0, それ以外 0.0"],"fullName":"pitchScore: △ 以外は pitch_ok===true で 1.0, それ以外 0.0 \"section_missing\" + pitch_ok=null -> 0.0 (true 以外は 0)","status":"passed","title":"\"section_missing\" + pitch_ok=null -> 0.0 (true 以外は 0)","duration":1.0752000000002226,"failureMessages":[],"meta":{},"tags":[]},{"ancestorTitles":["pitchScore: △ 以外は pitch_ok===true で 1.0, それ以外 0.0"],"fullName":"pitchScore: △ 以外は pitch_ok===true で 1.0, それ以外 0.0 \"double_stop_full\" + pitch_ok=true -> 1.0","status":"passed","title":"\"double_stop_full\" + pitch_ok=true -> 1.0","duration":0.4048000000002503,"failureMessages":[],"meta":{},"tags":[]},{"ancestorTitles":["pitchScore: △ 以外は pitch_ok===true で 1.0, それ以外 0.0"],"fullName":"pitchScore: △ 以外は pitch_ok===true で 1.0, それ以外 0.0 \"double_stop_full\" + pitch_ok=false -> 0.0","status":"passed","title":"\"double_stop_full\" + pitch_ok=false -> 0.0","duration":4.088999999999942,"failureMessages":[],"meta":{},"tags":[]},{"ancestorTitles":["pitchScore: △ 以外は pitch_ok===true で 1.0, それ以外 0.0"],"fullName":"pitchScore: △ 以外は pitch_ok===true で 1.0, それ以外 0.0 \"double_stop_full\" + pitch_ok=null -> 0.0 (true 以外は 0)","status":"passed","title":"\"double_stop_full\" + pitch_ok=null -> 0.0 (true 以外は 0)","duration":0.9791999999997643,"failureMessages":[],"meta":{},"tags":[]},{"ancestorTitles":["pitchScore: △ 以外は pitch_ok===true で 1.0, それ以外 0.0"],"fullName":"pitchScore: △ 以外は pitch_ok===true で 1.0, それ以外 0.0 \"double_stop_miss\" + pitch_ok=true -> 1.0","status":"passed","title":"\"double_stop_miss\" + pitch_ok=true -> 1.0","duration":1.449200000000019,"failureMessages":[],"meta":{},"tags":[]},{"ancestorTitles":["pitchScore: △ 以外は pitch_ok===true で 1.0, それ以外 0.0"],"fullName":"pitchScore: △ 以外は pitch_ok===true で 1.0, それ以外 0.0 \"double_stop_miss\" + pitch_ok=false -> 0.0","status":"passed","title":"\"double_stop_miss\" + pitch_ok=false -> 0.0","duration":1.16150000000016,"failureMessages":[],"meta":{},"tags":[]},{"ancestorTitles":["pitchScore: △ 以外は pitch_ok===true で 1.0, それ以外 0.0"],"fullName":"pitchScore: △ 以外は pitch_ok===true で 1.0, それ以外 0.0 \"double_stop_miss\" + pitch_ok=null -> 0.0 (true 以外は 0)","status":"passed","title":"\"double_stop_miss\" + pitch_ok=null -> 0.0 (true 以外は 0)","duration":2.4501000000000204,"failureMessages":[],"meta":{},"tags":[]},{"ancestorTitles":["pitchScore: △ 以外は pitch_ok===true で 1.0, それ以外 0.0"],"fullName":"pitchScore: △ 以外は pitch_ok===true で 1.0, それ以外 0.0 \"harmonic_ok\" + pitch_ok=true -> 1.0","status":"passed","title":"\"harmonic_ok\" + pitch_ok=true -> 1.0","duration":1.6498000000001412,"failureMessages":[],"meta":{},"tags":[]},{"ancestorTitles":["pitchScore: △ 以外は pitch_ok===true で 1.0, それ以外 0.0"],"fullName":"pitchScore: △ 以外は pitch_ok===true で 1.0, それ以外 0.0 \"harmonic_ok\" + pitch_ok=false -> 0.0","status":"passed","title":"\"harmonic_ok\" + pitch_ok=false -> 0.0","duration":1.1468000000004395,"failureMessages":[],"meta":{},"tags":[]},{"ancestorTitles":["pitchScore: △ 以外は pitch_ok===true で 1.0, それ以外 0.0"],"fullName":"pitchScore: △ 以外は pitch_ok===true で 1.0, それ以外 0.0 \"harmonic_ok\" + pitch_ok=null -> 0.0 (true 以外は 0)","status":"passed","title":"\"harmonic_ok\" + pitch_ok=null -> 0.0 (true 以外は 0)","duration":4.568199999999706,"failureMessages":[],"meta":{},"tags":[]},{"ancestorTitles":["pitchScore: △ 以外は pitch_ok===true で 1.0, それ以外 0.0"],"fullName":"pitchScore: △ 以外は pitch_ok===true で 1.0, それ以外 0.0 \"harmonic_miss\" + pitch_ok=true -> 1.0","status":"passed","title":"\"harmonic_miss\" + pitch_ok=true -> 1.0","duration":1.1426000000001295,"failureMessages":[],"meta":{},"tags":[]},{"ancestorTitles":["pitchScore: △ 以外は pitch_ok===true で 1.0, それ以外 0.0"],"fullName":"pitchScore: △ 以外は pitch_ok===true で 1.0, それ以外 0.0 \"harmonic_miss\" + pitch_ok=false -> 0.0","status":"passed","title":"\"harmonic_miss\" + pitch_ok=false -> 0.0","duration":0.5245999999997366,"failureMessages":[],"meta":{},"tags":[]},{"ancestorTitles":["pitchScore: △ 以外は pitch_ok===true で 1.0, それ以外 0.0"],"fullName":"pitchScore: △ 以外は pitch_ok===true で 1.0, それ以外 0.0 \"harmonic_miss\" + pitch_ok=null -> 0.0 (true 以外は 0)","status":"passed","title":"\"harmonic_miss\" + pitch_ok=null -> 0.0 (true 以外は 0)","duration":1.6541000000006534,"failureMessages":[],"meta":{},"tags":[]},{"ancestorTitles":["pitchScore: △ 以外は pitch_ok===true で 1.0, それ以外 0.0"],"fullName":"pitchScore: △ 以外は pitch_ok===true で 1.0, それ以外 0.0 \"spectral_inconclusive\" + pitch_ok=true -> 1.0","status":"passed","title":"\"spectral_inconclusive\" + pitch_ok=true -> 1.0","duration":0.9269999999996799,"failureMessages":[],"meta":{},"tags":[]},{"ancestorTitles":["pitchScore: △ 以外は pitch_ok===true で 1.0, それ以外 0.0"],"fullName":"pitchScore: △ 以外は pitch_ok===true で 1.0, それ以外 0.0 \"spectral_inconclusive\" + pitch_ok=false -> 0.0","status":"passed","title":"\"spectral_inconclusive\" + pitch_ok=false -> 0.0","duration":1.063799999999901,"failureMessages":[],"meta":{},"tags":[]},{"ancestorTitles":["pitchScore: △ 以外は pitch_ok===true で 1.0, それ以外 0.0"],"fullName":"pitchScore: △ 以外は pitch_ok===true で 1.0, それ以外 0.0 \"spectral_inconclusive\" + pitch_ok=null -> 0.0 (true 以外は 0)","status":"passed","title":"\"spectral_inconclusive\" + pitch_ok=null -> 0.0 (true 以外は 0)","duration":0.6022999999995591,"failureMessages":[],"meta":{},"tags":[]},{"ancestorTitles":["pitchScore: 代表ケースの意味づけ"],"fullName":"pitchScore: 代表ケースの意味づけ double_stop_full + pitch_ok=true -> 1.0 (全 pitch OK)","status":"passed","title":"double_stop_full + pitch_ok=true -> 1.0 (全 pitch OK)","duration":1.6295999999993,"failureMessages":[],"meta":{},"tags":[]},{"ancestorTitles":["pitchScore: 代表ケースの意味づけ"],"fullName":"pitchScore: 代表ケースの意味づけ double_stop_miss + pitch_ok=false -> 0.0 (全 pitch NG)","status":"passed","title":"double_stop_miss + pitch_ok=false -> 0.0 (全 pitch NG)","duration":1.652299999999741,"failureMessages":[],"meta":{},"tags":[]},{"ancestorTitles":["pitchScore: 代表ケースの意味づけ"],"fullName":"pitchScore: 代表ケースの意味づけ harmonic_ok + pitch_ok=true -> 1.0 (純度・音程 OK)","status":"passed","title":"harmonic_ok + pitch_ok=true -> 1.0 (純度・音程 OK)","duration":1.2593999999999141,"failureMessages":[],"meta":{},"tags":[]},{"ancestorTitles":["pitchScore: 代表ケースの意味づけ"],"fullName":"pitchScore: 代表ケースの意味づけ harmonic_miss + pitch_ok=false -> 0.0 (鳴らず)","status":"passed","title":"harmonic_miss + pitch_ok=false -> 0.0 (鳴らず)","duration":0.9227000000000771,"failureMessages":[],"meta":{},"tags":[]},{"ancestorTitles":["pitchScore: 代表ケースの意味づけ"],"fullName":"pitchScore: 代表ケースの意味づけ pitch_only + pitch_ok=true -> 1.0 (音程のみ評価でも 1 点寄与)","status":"passed","title":"pitch_only + pitch_ok=true -> 1.0 (音程のみ評価でも 1 点寄与)","duration":94.08120000000054,"failureMessages":[],"meta":{},"tags":[]},{"ancestorTitles":["pitchScore: status 欠損時のフォールバック (pitch_ok のみで判断)"],"fullName":"pitchScore: status 欠損時のフォールバック (pitch_ok のみで判断) status 無し + pitch_ok=true -> 1.0","status":"passed","title":"status 無し + pitch_ok=true -> 1.0","duration":1.1174999999993815,"failureMessages":[],"meta":{},"tags":[]},{"ancestorTitles":["pitchScore: status 欠損時のフォールバック (pitch_ok のみで判断)"],"fullName":"pitchScore: status 欠損時のフォールバック (pitch_ok のみで判断) status 無し + pitch_ok=false -> 0.0","status":"passed","title":"status 無し + pitch_ok=false -> 0.0","duration":0.8605000000006839,"failureMessages":[],"meta":{},"tags":[]},{"ancestorTitles":["pitchScore: status 欠損時のフォールバック (pitch_ok のみで判断)"],"fullName":"pitchScore: status 欠損時のフォールバック (pitch_ok のみで判断) status 無し + pitch_ok 無し -> 0.0","status":"passed","title":"status 無し + pitch_ok 無し -> 0.0","duration":5.050700000000688,"failureMessages":[],"meta":{},"tags":[]},{"ancestorTitles":["pitchScore: status 欠損時のフォールバック (pitch_ok のみで判断)"],"fullName":"pitchScore: status 欠損時のフォールバック (pitch_ok のみで判断) 【契約注意】pitchScore は isEvaluated を見ない: not_evaluated+pitch_ok=true でも 1.0","status":"passed","title":"【契約注意】pitchScore は isEvaluated を見ない: not_evaluated+pitch_ok=true でも 1.0","duration":1.0442000000002736,"failureMessages":[],"meta":{},"tags":[]},{"ancestorTitles":["route 集計合成 (isEvaluated + pitchScore, route.ts:96-104 相当)"],"fullName":"route 集計合成 (isEvaluated + pitchScore, route.ts:96-104 相当) 全ノート正解 -> 100/100","status":"passed","title":"全ノート正解 -> 100/100","duration":1.8418000000001484,"failureMessages":[],"meta":{},"tags":[]},{"ancestorTitles":["route 集計合成 (isEvaluated + pitchScore, route.ts:96-104 相当)"],"fullName":"route 集計合成 (isEvaluated + pitchScore, route.ts:96-104 相当) △を含む: 2音とも double_stop_partial -> pitch 0.5+0.5=1 / total 2 = 50%","status":"passed","title":"△を含む: 2音とも double_stop_partial -> pitch 0.5+0.5=1 / total 2 = 50%","duration":1.0866000000005442,"failureMessages":[],"meta":{},"tags":[]},{"ancestorTitles":["route 集計合成 (isEvaluated + pitchScore, route.ts:96-104 相当)"],"fullName":"route 集計合成 (isEvaluated + pitchScore, route.ts:96-104 相当) start_ok=null/false は timing で加点されない","status":"passed","title":"start_ok=null/false は timing で加点されない","duration":3.1151999999992768,"failureMessages":[],"meta":{},"tags":[]},{"ancestorTitles":["route 集計合成 (isEvaluated + pitchScore, route.ts:96-104 相当)"],"fullName":"route 集計合成 (isEvaluated + pitchScore, route.ts:96-104 相当) 空配列 -> null/null","status":"passed","title":"空配列 -> null/null","duration":1.2663000000002285,"failureMessages":[],"meta":{},"tags":[]},{"ancestorTitles":["route 集計合成 (isEvaluated + pitchScore, route.ts:96-104 相当)"],"fullName":"route 集計合成 (isEvaluated + pitchScore, route.ts:96-104 相当) 【思想乖離】判定保留ノートは分母から外れず、実質ペナルティになる","status":"passed","title":"【思想乖離】判定保留ノートは分母から外れず、実質ペナルティになる","duration":8.171900000000278,"failureMessages":[],"meta":{},"tags":[]},{"ancestorTitles":["タイミングの分母 (測定不能を外す)"],"fullName":"タイミングの分母 (測定不能を外す) pitch_only は分母からも分子からも外れる","status":"passed","title":"pitch_only は分母からも分子からも外れる","duration":4.559500000000298,"failureMessages":[],"meta":{},"tags":[]},{"ancestorTitles":["タイミングの分母 (測定不能を外す)"],"fullName":"タイミングの分母 (測定不能を外す) not_detected は分母に残る (弾かれていないので不正解)","status":"passed","title":"not_detected は分母に残る (弾かれていないので不正解)","duration":1.3901000000005297,"failureMessages":[],"meta":{},"tags":[]},{"ancestorTitles":["タイミングの分母 (測定不能を外す)"],"fullName":"タイミングの分母 (測定不能を外す) 音程がずれた pitch_only も音程の分母に残る (0点として)","status":"passed","title":"音程がずれた pitch_only も音程の分母に残る (0点として)","duration":0.9637999999995372,"failureMessages":[],"meta":{},"tags":[]},{"ancestorTitles":["タイミングの分母 (測定不能を外す)"],"fullName":"タイミングの分母 (測定不能を外す) 全音が測定不能なら タイミングは null","status":"passed","title":"全音が測定不能なら タイミングは null","duration":73.83039999999983,"failureMessages":[],"meta":{},"tags":[]}],"startTime":1789231851711,"endTime":1789231852146.8303,"status":"passed","message":"","name":"C:/Users/tetsu/OneDrive/Desktop/shiftB/music-app/music-app/app/types/comparisonResult.test.ts"},{"assertionResults":[{"ancestorTitles":["firstPassNotes ・ 繰り返し展開後の音符列から記譜の1回目だけを残す"],"fullName":"firstPassNotes ・ 繰り返し展開後の音符列から記譜の1回目だけを残す 繰り返し無しはそのまま","status":"passed","title":"繰り返し無しはそのまま","duration":12.23490000000038,"failureMessages":[],"meta":{},"tags":[]},{"ancestorTitles":["firstPassNotes ・ 繰り返し展開後の音符列から記譜の1回目だけを残す"],"fullName":"firstPassNotes ・ 繰り返し展開後の音符列から記譜の1回目だけを残す カイザーNo.16 型: 1〜7 を2回弾いてから 8 へ (1小節12音→24音 にならない)","status":"passed","title":"カイザーNo.16 型: 1〜7 を2回弾いてから 8 へ (1小節12音→24音 にならない)","duration":4.094299999999748,"failureMessages":[],"meta":{},"tags":[]},{"ancestorTitles":["firstPassNotes ・ 繰り返し展開後の音符列から記譜の1回目だけを残す"],"fullName":"firstPassNotes ・ 繰り返し展開後の音符列から記譜の1回目だけを残す 1番・2番カッコ: 1 2 3(1番) 1 2 4(2番) → 1 2 3 4 を各1回","status":"passed","title":"1番・2番カッコ: 1 2 3(1番) 1 2 4(2番) → 1 2 3 4 を各1回","duration":1.2186000000001513,"failureMessages":[],"meta":{},"tags":[]},{"ancestorTitles":["firstPassNotes ・ 繰り返し展開後の音符列から記譜の1回目だけを残す"],"fullName":"firstPassNotes ・ 繰り返し展開後の音符列から記譜の1回目だけを残す ダ・カーポ: 1 2 3 4 1 2 → 1 2 3 4","status":"passed","title":"ダ・カーポ: 1 2 3 4 1 2 → 1 2 3 4","duration":1.4848000000001775,"failureMessages":[],"meta":{},"tags":[]},{"ancestorTitles":["firstPassNotes ・ 繰り返し展開後の音符列から記譜の1回目だけを残す"],"fullName":"firstPassNotes ・ 繰り返し展開後の音符列から記譜の1回目だけを残す 小節番号の無い要素は残す","status":"passed","title":"小節番号の無い要素は残す","duration":1.4447000000000116,"failureMessages":[],"meta":{},"tags":[]}],"startTime":1789231884732,"endTime":1789231884753.4446,"status":"passed","message":"","name":"C:/Users/tetsu/OneDrive/Desktop/shiftB/music-app/music-app/app/_libs/analysisNotes.test.ts"},{"assertionResults":[{"ancestorTitles":["sanitizeAnnotationData"],"fullName":"sanitizeAnnotationData 正常なデータはそのまま通す","status":"passed","title":"正常なデータはそのまま通す","duration":218.41079999999965,"failureMessages":[],"meta":{},"tags":[]},{"ancestorTitles":["sanitizeAnnotationData"],"fullName":"sanitizeAnnotationData 各配列を500件に丸める","status":"passed","title":"各配列を500件に丸める","duration":37.06829999999991,"failureMessages":[],"meta":{},"tags":[]},{"ancestorTitles":["sanitizeAnnotationData"],"fullName":"sanitizeAnnotationData 巨大な text/value を切り詰める (肥大化防止)","status":"passed","title":"巨大な text/value を切り詰める (肥大化防止)","duration":25.286600000000362,"failureMessages":[],"meta":{},"tags":[]},{"ancestorTitles":["sanitizeAnnotationData"],"fullName":"sanitizeAnnotationData 数値でない noteIndex の要素は捨てる","status":"passed","title":"数値でない noteIndex の要素は捨てる","duration":3.121299999999792,"failureMessages":[],"meta":{},"tags":[]},{"ancestorTitles":["sanitizeAnnotationData"],"fullName":"sanitizeAnnotationData kind が空文字の要素は捨てる","status":"passed","title":"kind が空文字の要素は捨てる","duration":2.6487999999999374,"failureMessages":[],"meta":{},"tags":[]},{"ancestorTitles":["sanitizeAnnotationData"],"fullName":"sanitizeAnnotationData 配列でないフィールドは無視する","status":"passed","title":"配列でないフィールドは無視する","duration":2.712800000000243,"failureMessages":[],"meta":{},"tags":[]},{"ancestorTitles":["sanitizeAnnotationData"],"fullName":"sanitizeAnnotationData color は24字に丸める (CSS注入の間口を狭めつつ rgba/var を切らない)","status":"passed","title":"color は24字に丸める (CSS注入の間口を狭めつつ rgba/var を切らない)","duration":1.8284000000003289,"failureMessages":[],"meta":{},"tags":[]},{"ancestorTitles":["sanitizeAnnotationData"],"fullName":"sanitizeAnnotationData rgba/var の色は切られずに通る (Phase3 色バグ修正)","status":"passed","title":"rgba/var の色は切られずに通る (Phase3 色バグ修正)","duration":2.1840000000001965,"failureMessages":[],"meta":{},"tags":[]},{"ancestorTitles":["sanitizeAnnotationData"],"fullName":"sanitizeAnnotationData spans を通し、不正要素は捨てる (Phase3 範囲スパナ)","status":"passed","title":"spans を通し、不正要素は捨てる (Phase3 範囲スパナ)","duration":15.588200000000143,"failureMessages":[],"meta":{},"tags":[]}],"startTime":1789231853323,"endTime":1789231853635.5881,"status":"passed","message":"","name":"C:/Users/tetsu/OneDrive/Desktop/shiftB/music-app/music-app/app/_libs/annotationSanitize.test.ts"},{"assertionResults":[{"ancestorTitles":["clampLimit"],"fullName":"clampLimit デフォルトは50","status":"passed","title":"デフォルトは50","duration":35.57430000000022,"failureMessages":[],"meta":{},"tags":[]},{"ancestorTitles":["clampLimit"],"fullName":"clampLimit 正常値はそのまま","status":"passed","title":"正常値はそのまま","duration":3.3815999999997075,"failureMessages":[],"meta":{},"tags":[]},{"ancestorTitles":["clampLimit"],"fullName":"clampLimit 上限100にクランプ (DoS防止)","status":"passed","title":"上限100にクランプ (DoS防止)","duration":2.1419000000005326,"failureMessages":[],"meta":{},"tags":[]},{"ancestorTitles":["clampLimit"],"fullName":"clampLimit 下限1にクランプ","status":"passed","title":"下限1にクランプ","duration":0.9816999999993641,"failureMessages":[],"meta":{},"tags":[]},{"ancestorTitles":["clampLimit"],"fullName":"clampLimit 非数値はfallback (NaN throw 防止)","status":"passed","title":"非数値はfallback (NaN throw 防止)","duration":2.363800000000083,"failureMessages":[],"meta":{},"tags":[]},{"ancestorTitles":["clampLimit"],"fullName":"clampLimit min/max/fallback を上書きできる","status":"passed","title":"min/max/fallback を上書きできる","duration":1.3103999999993903,"failureMessages":[],"meta":{},"tags":[]}],"startTime":1789231892040,"endTime":1789231892087.3103,"status":"passed","message":"","name":"C:/Users/tetsu/OneDrive/Desktop/shiftB/music-app/music-app/app/_libs/apiLimit.test.ts"},{"assertionResults":[{"ancestorTitles":["isKnownAudioMagic"],"fullName":"isKnownAudioMagic WebM (EBML 1A45DFA3) を認識","status":"passed","title":"WebM (EBML 1A45DFA3) を認識","duration":14.761899999999969,"failureMessages":[],"meta":{},"tags":[]},{"ancestorTitles":["isKnownAudioMagic"],"fullName":"isKnownAudioMagic Ogg (OggS) を認識","status":"passed","title":"Ogg (OggS) を認識","duration":2.183100000000195,"failureMessages":[],"meta":{},"tags":[]},{"ancestorTitles":["isKnownAudioMagic"],"fullName":"isKnownAudioMagic MP4 (offset4 ftyp) を認識","status":"passed","title":"MP4 (offset4 ftyp) を認識","duration":1.1583999999998014,"failureMessages":[],"meta":{},"tags":[]},{"ancestorTitles":["isKnownAudioMagic"],"fullName":"isKnownAudioMagic WAV (RIFF..WAVE) を認識","status":"passed","title":"WAV (RIFF..WAVE) を認識","duration":1.3215000000000146,"failureMessages":[],"meta":{},"tags":[]},{"ancestorTitles":["isKnownAudioMagic"],"fullName":"isKnownAudioMagic FLAC (fLaC) を認識","status":"passed","title":"FLAC (fLaC) を認識","duration":1.1109999999998763,"failureMessages":[],"meta":{},"tags":[]},{"ancestorTitles":["isKnownAudioMagic"],"fullName":"isKnownAudioMagic 非音声(実行ファイル MZ / PNG)は拒否","status":"passed","title":"非音声(実行ファイル MZ / PNG)は拒否","duration":0.9764000000000124,"failureMessages":[],"meta":{},"tags":[]},{"ancestorTitles":["isKnownAudioMagic"],"fullName":"isKnownAudioMagic 短すぎるファイルは拒否","status":"passed","title":"短すぎるファイルは拒否","duration":1.1304000000000087,"failureMessages":[],"meta":{},"tags":[]},{"ancestorTitles":["checkAudioFile"],"fullName":"checkAudioFile 正常な音声は ok","status":"passed","title":"正常な音声は ok","duration":4.623399999999947,"failureMessages":[],"meta":{},"tags":[]},{"ancestorTitles":["checkAudioFile"],"fullName":"checkAudioFile サイズ超過は too_large","status":"passed","title":"サイズ超過は too_large","duration":73.03659999999991,"failureMessages":[],"meta":{},"tags":[]},{"ancestorTitles":["checkAudioFile"],"fullName":"checkAudioFile 非音声は not_audio","status":"passed","title":"非音声は not_audio","duration":3.5828999999998814,"failureMessages":[],"meta":{},"tags":[]}],"startTime":1789231866156,"endTime":1789231866264.583,"status":"passed","message":"","name":"C:/Users/tetsu/OneDrive/Desktop/shiftB/music-app/music-app/app/_libs/audioValidation.test.ts"},{"assertionResults":[{"ancestorTitles":["selectCelebrations"],"fullName":"selectCelebrations 未登録typeは無視される","status":"passed","title":"未登録typeは無視される","duration":12.657100000000355,"failureMessages":[],"meta":{},"tags":[]},{"ancestorTitles":["selectCelebrations"],"fullName":"selectCelebrations tier降順で最上位を本体に (rank_upは2段目)","status":"passed","title":"tier降順で最上位を本体に (rank_upは2段目)","duration":2.455899999999019,"failureMessages":[],"meta":{},"tags":[]},{"ancestorTitles":["selectCelebrations"],"fullName":"selectCelebrations tie-break: master > achieve","status":"passed","title":"tie-break: master > achieve","duration":2.047899999999572,"failureMessages":[],"meta":{},"tags":[]},{"ancestorTitles":["selectCelebrations"],"fullName":"selectCelebrations 自己ベストは major同時なら本体に吸収 (単独表示しない)","status":"passed","title":"自己ベストは major同時なら本体に吸収 (単独表示しない)","duration":1.9833999999991647,"failureMessages":[],"meta":{},"tags":[]},{"ancestorTitles":["selectCelebrations"],"fullName":"selectCelebrations 自己ベスト単独なら本体になる (吸収なし)","status":"passed","title":"自己ベスト単独なら本体になる (吸収なし)","duration":1.8721999999997934,"failureMessages":[],"meta":{},"tags":[]},{"ancestorTitles":["selectCelebrations"],"fullName":"selectCelebrations 課題クリア単独","status":"passed","title":"課題クリア単独","duration":1.4117999999998574,"failureMessages":[],"meta":{},"tags":[]},{"ancestorTitles":["selectCelebrations"],"fullName":"selectCelebrations 達成+マスター+昇格+自己ベスト: master本体・rank_up2段目・best吸収","status":"passed","title":"達成+マスター+昇格+自己ベスト: master本体・rank_up2段目・best吸収","duration":1.5392999999985477,"failureMessages":[],"meta":{},"tags":[]},{"ancestorTitles":["selectCelebrations"],"fullName":"selectCelebrations 空配列 → primary null","status":"passed","title":"空配列 → primary null","duration":0.96480000000156,"failureMessages":[],"meta":{},"tags":[]},{"ancestorTitles":["selectCelebrations"],"fullName":"selectCelebrations rank_up単独(異常系)は本体に昇格","status":"passed","title":"rank_up単独(異常系)は本体に昇格","duration":2.8489000000008673,"failureMessages":[],"meta":{},"tags":[]},{"ancestorTitles":["parseMilestoneEvents"],"fullName":"parseMilestoneEvents 正常: events配列を返す","status":"passed","title":"正常: events配列を返す","duration":5.107299999999668,"failureMessages":[],"meta":{},"tags":[]},{"ancestorTitles":["parseMilestoneEvents"],"fullName":"parseMilestoneEvents 欠落/壊れ/未定義は空配列","status":"passed","title":"欠落/壊れ/未定義は空配列","duration":2.9657999999999447,"failureMessages":[],"meta":{},"tags":[]}],"startTime":1789231821464,"endTime":1789231821503.9658,"status":"passed","message":"","name":"C:/Users/tetsu/OneDrive/Desktop/shiftB/music-app/music-app/app/_libs/celebration.test.ts"},{"assertionResults":[{"ancestorTitles":["countIn: 拍の長さ (四分音符いくつ分か)"],"fullName":"countIn: 拍の長さ (四分音符いくつ分か) 4/4 の拍は四分音符 1 個分","status":"passed","title":"4/4 の拍は四分音符 1 個分","duration":10.093499999999949,"failureMessages":[],"meta":{},"tags":[]},{"ancestorTitles":["countIn: 拍の長さ (四分音符いくつ分か)"],"fullName":"countIn: 拍の長さ (四分音符いくつ分か) 3/4 の拍は四分音符 1 個分","status":"passed","title":"3/4 の拍は四分音符 1 個分","duration":1.3560999999999694,"failureMessages":[],"meta":{},"tags":[]},{"ancestorTitles":["countIn: 拍の長さ (四分音符いくつ分か)"],"fullName":"countIn: 拍の長さ (四分音符いくつ分か) 2/4 の拍は四分音符 1 個分","status":"passed","title":"2/4 の拍は四分音符 1 個分","duration":0.8348000000000866,"failureMessages":[],"meta":{},"tags":[]},{"ancestorTitles":["countIn: 拍の長さ (四分音符いくつ分か)"],"fullName":"countIn: 拍の長さ (四分音符いくつ分か) 5/4 の拍は四分音符 1 個分","status":"passed","title":"5/4 の拍は四分音符 1 個分","duration":1.3052000000002408,"failureMessages":[],"meta":{},"tags":[]},{"ancestorTitles":["countIn: 拍の長さ (四分音符いくつ分か)"],"fullName":"countIn: 拍の長さ (四分音符いくつ分か) 2/2 の拍は四分音符 2 個分","status":"passed","title":"2/2 の拍は四分音符 2 個分","duration":1.0250999999998385,"failureMessages":[],"meta":{},"tags":[]},{"ancestorTitles":["countIn: 拍の長さ (四分音符いくつ分か)"],"fullName":"countIn: 拍の長さ (四分音符いくつ分か) 3/2 の拍は四分音符 2 個分","status":"passed","title":"3/2 の拍は四分音符 2 個分","duration":0.6628999999998086,"failureMessages":[],"meta":{},"tags":[]},{"ancestorTitles":["countIn: 拍の長さ (四分音符いくつ分か)"],"fullName":"countIn: 拍の長さ (四分音符いくつ分か) 6/8 の拍は四分音符 1.5 個分","status":"passed","title":"6/8 の拍は四分音符 1.5 個分","duration":1.069300000000112,"failureMessages":[],"meta":{},"tags":[]},{"ancestorTitles":["countIn: 拍の長さ (四分音符いくつ分か)"],"fullName":"countIn: 拍の長さ (四分音符いくつ分か) 9/8 の拍は四分音符 1.5 個分","status":"passed","title":"9/8 の拍は四分音符 1.5 個分","duration":0.8092000000001462,"failureMessages":[],"meta":{},"tags":[]},{"ancestorTitles":["countIn: 拍の長さ (四分音符いくつ分か)"],"fullName":"countIn: 拍の長さ (四分音符いくつ分か) 12/8 の拍は四分音符 1.5 個分","status":"passed","title":"12/8 の拍は四分音符 1.5 個分","duration":2.7800000000002,"failureMessages":[],"meta":{},"tags":[]},{"ancestorTitles":["countIn: 拍の長さ (四分音符いくつ分か)"],"fullName":"countIn: 拍の長さ (四分音符いくつ分か) 3/8 の拍は四分音符 0.5 個分","status":"passed","title":"3/8 の拍は四分音符 0.5 個分","duration":1.165899999999965,"failureMessages":[],"meta":{},"tags":[]},{"ancestorTitles":["countIn: 拍の長さ (四分音符いくつ分か)"],"fullName":"countIn: 拍の長さ (四分音符いくつ分か) 5/8 の拍は四分音符 0.5 個分","status":"passed","title":"5/8 の拍は四分音符 0.5 個分","duration":1.023899999999685,"failureMessages":[],"meta":{},"tags":[]},{"ancestorTitles":["countIn: 拍の長さ (四分音符いくつ分か)"],"fullName":"countIn: 拍の長さ (四分音符いくつ分か) 7/8 の拍は四分音符 0.5 個分","status":"passed","title":"7/8 の拍は四分音符 0.5 個分","duration":0.4942999999998392,"failureMessages":[],"meta":{},"tags":[]},{"ancestorTitles":["countIn: 1小節の拍数"],"fullName":"countIn: 1小節の拍数 4/4 は 4 拍","status":"passed","title":"4/4 は 4 拍","duration":0.9063000000001011,"failureMessages":[],"meta":{},"tags":[]},{"ancestorTitles":["countIn: 1小節の拍数"],"fullName":"countIn: 1小節の拍数 3/4 は 3 拍","status":"passed","title":"3/4 は 3 拍","duration":0.44630000000006476,"failureMessages":[],"meta":{},"tags":[]},{"ancestorTitles":["countIn: 1小節の拍数"],"fullName":"countIn: 1小節の拍数 2/4 は 2 拍","status":"passed","title":"2/4 は 2 拍","duration":67.62429999999995,"failureMessages":[],"meta":{},"tags":[]},{"ancestorTitles":["countIn: 1小節の拍数"],"fullName":"countIn: 1小節の拍数 5/4 は 5 拍","status":"passed","title":"5/4 は 5 拍","duration":0.93100000000004,"failureMessages":[],"meta":{},"tags":[]},{"ancestorTitles":["countIn: 1小節の拍数"],"fullName":"countIn: 1小節の拍数 6/4 は 6 拍","status":"passed","title":"6/4 は 6 拍","duration":0.41940000000022337,"failureMessages":[],"meta":{},"tags":[]},{"ancestorTitles":["countIn: 1小節の拍数"],"fullName":"countIn: 1小節の拍数 2/2 は 2 拍","status":"passed","title":"2/2 は 2 拍","duration":0.30529999999998836,"failureMessages":[],"meta":{},"tags":[]},{"ancestorTitles":["countIn: 1小節の拍数"],"fullName":"countIn: 1小節の拍数 3/2 は 3 拍","status":"passed","title":"3/2 は 3 拍","duration":0.2670000000002801,"failureMessages":[],"meta":{},"tags":[]},{"ancestorTitles":["countIn: 1小節の拍数"],"fullName":"countIn: 1小節の拍数 6/8 は 2 拍","status":"passed","title":"6/8 は 2 拍","duration":0.29280000000017026,"failureMessages":[],"meta":{},"tags":[]},{"ancestorTitles":["countIn: 1小節の拍数"],"fullName":"countIn: 1小節の拍数 9/8 は 3 拍","status":"passed","title":"9/8 は 3 拍","duration":0.25739999999996144,"failureMessages":[],"meta":{},"tags":[]},{"ancestorTitles":["countIn: 1小節の拍数"],"fullName":"countIn: 1小節の拍数 12/8 は 4 拍","status":"passed","title":"12/8 は 4 拍","duration":0.26470000000017535,"failureMessages":[],"meta":{},"tags":[]},{"ancestorTitles":["countIn: 1小節の拍数"],"fullName":"countIn: 1小節の拍数 3/8 は 3 拍","status":"passed","title":"3/8 は 3 拍","duration":0.22870000000011714,"failureMessages":[],"meta":{},"tags":[]},{"ancestorTitles":["countIn: 1小節の拍数"],"fullName":"countIn: 1小節の拍数 5/8 は 5 拍","status":"passed","title":"5/8 は 5 拍","duration":0.2191000000002532,"failureMessages":[],"meta":{},"tags":[]},{"ancestorTitles":["countIn: 1小節の拍数"],"fullName":"countIn: 1小節の拍数 7/8 は 7 拍","status":"passed","title":"7/8 は 7 拍","duration":0.2622999999998683,"failureMessages":[],"meta":{},"tags":[]},{"ancestorTitles":["countIn: 確定した一覧 (♩=100)"],"fullName":"countIn: 確定した一覧 (♩=100) 4/4 は 4 回","status":"passed","title":"4/4 は 4 回","duration":0.9550999999996748,"failureMessages":[],"meta":{},"tags":[]},{"ancestorTitles":["countIn: 確定した一覧 (♩=100)"],"fullName":"countIn: 確定した一覧 (♩=100) 3/4 は 3 回","status":"passed","title":"3/4 は 3 回","duration":0.30110000000013315,"failureMessages":[],"meta":{},"tags":[]},{"ancestorTitles":["countIn: 確定した一覧 (♩=100)"],"fullName":"countIn: 確定した一覧 (♩=100) 2/4 は 4 回","status":"passed","title":"2/4 は 4 回","duration":0.2676000000001295,"failureMessages":[],"meta":{},"tags":[]},{"ancestorTitles":["countIn: 確定した一覧 (♩=100)"],"fullName":"countIn: 確定した一覧 (♩=100) 6/8 は 4 回","status":"passed","title":"6/8 は 4 回","duration":0.3101000000001477,"failureMessages":[],"meta":{},"tags":[]},{"ancestorTitles":["countIn: 確定した一覧 (♩=100)"],"fullName":"countIn: 確定した一覧 (♩=100) 9/8 は 3 回","status":"passed","title":"9/8 は 3 回","duration":0.33849999999983993,"failureMessages":[],"meta":{},"tags":[]},{"ancestorTitles":["countIn: 確定した一覧 (♩=100)"],"fullName":"countIn: 確定した一覧 (♩=100) 12/8 は 4 回","status":"passed","title":"12/8 は 4 回","duration":0.2701999999999316,"failureMessages":[],"meta":{},"tags":[]},{"ancestorTitles":["countIn: 確定した一覧 (♩=100)"],"fullName":"countIn: 確定した一覧 (♩=100) 2/2 は 4 回","status":"passed","title":"2/2 は 4 回","duration":1.2525000000000546,"failureMessages":[],"meta":{},"tags":[]},{"ancestorTitles":["countIn: 確定した一覧 (♩=100)"],"fullName":"countIn: 確定した一覧 (♩=100) 3/2 は 3 回","status":"passed","title":"3/2 は 3 回","duration":0.3550999999997657,"failureMessages":[],"meta":{},"tags":[]},{"ancestorTitles":["countIn: 確定した一覧 (♩=100)"],"fullName":"countIn: 確定した一覧 (♩=100) 5/4 は 5 回","status":"passed","title":"5/4 は 5 回","duration":0.5949000000000524,"failureMessages":[],"meta":{},"tags":[]},{"ancestorTitles":["countIn: 確定した一覧 (♩=100)"],"fullName":"countIn: 確定した一覧 (♩=100) 6/4 は 6 回","status":"passed","title":"6/4 は 6 回","duration":2.9639000000001943,"failureMessages":[],"meta":{},"tags":[]},{"ancestorTitles":["countIn: 確定した一覧 (♩=100)"],"fullName":"countIn: 確定した一覧 (♩=100) 3/8 は 6 回","status":"passed","title":"3/8 は 6 回","duration":2.0778000000000247,"failureMessages":[],"meta":{},"tags":[]},{"ancestorTitles":["countIn: 確定した一覧 (♩=100)"],"fullName":"countIn: 確定した一覧 (♩=100) 5/8 は 5 回","status":"passed","title":"5/8 は 5 回","duration":4.229399999999714,"failureMessages":[],"meta":{},"tags":[]},{"ancestorTitles":["countIn: 確定した一覧 (♩=100)"],"fullName":"countIn: 確定した一覧 (♩=100) 7/8 は 7 回","status":"passed","title":"7/8 は 7 回","duration":0.6005000000000109,"failureMessages":[],"meta":{},"tags":[]},{"ancestorTitles":["countIn: 確定した一覧 (♩=100)"],"fullName":"countIn: 確定した一覧 (♩=100) 拍子が不明なら 4/4 として4回","status":"passed","title":"拍子が不明なら 4/4 として4回","duration":0.9283000000000357,"failureMessages":[],"meta":{},"tags":[]},{"ancestorTitles":["countIn: 間隔"],"fullName":"countIn: 間隔 4/4 ♩=100 は 0.6 秒間隔","status":"passed","title":"4/4 ♩=100 は 0.6 秒間隔","duration":1.0051999999996042,"failureMessages":[],"meta":{},"tags":[]},{"ancestorTitles":["countIn: 間隔"],"fullName":"countIn: 間隔 6/8 ♩=100 は付点四分 = 0.9 秒間隔","status":"passed","title":"6/8 ♩=100 は付点四分 = 0.9 秒間隔","duration":0.6706000000003769,"failureMessages":[],"meta":{},"tags":[]},{"ancestorTitles":["countIn: 間隔"],"fullName":"countIn: 間隔 2/2 ♩=100 は二分音符 = 1.2 秒間隔","status":"passed","title":"2/2 ♩=100 は二分音符 = 1.2 秒間隔","duration":16.8442,"failureMessages":[],"meta":{},"tags":[]},{"ancestorTitles":["countIn: 間隔"],"fullName":"countIn: 間隔 3/8 ♩=100 は八分 = 0.3 秒間隔","status":"passed","title":"3/8 ♩=100 は八分 = 0.3 秒間隔","duration":1.2395999999998821,"failureMessages":[],"meta":{},"tags":[]},{"ancestorTitles":["countIn: 速い曲は小節を足す"],"fullName":"countIn: 速い曲は小節を足す 4/4 ♩=180 は 4拍で1.33秒しかないので2小節=8回","status":"passed","title":"4/4 ♩=180 は 4拍で1.33秒しかないので2小節=8回","duration":2.739599999999882,"failureMessages":[],"meta":{},"tags":[]},{"ancestorTitles":["countIn: 速い曲は小節を足す"],"fullName":"countIn: 速い曲は小節を足す 4/4 ♩=160 は 1.5秒ちょうどなので4回のまま","status":"passed","title":"4/4 ♩=160 は 1.5秒ちょうどなので4回のまま","duration":0.6788000000001375,"failureMessages":[],"meta":{},"tags":[]},{"ancestorTitles":["countIn: 速い曲は小節を足す"],"fullName":"countIn: 速い曲は小節を足す どのテンポ・拍子でも合計は必ず 1.5 秒以上","status":"passed","title":"どのテンポ・拍子でも合計は必ず 1.5 秒以上","duration":16.055900000000292,"failureMessages":[],"meta":{},"tags":[]},{"ancestorTitles":["countIn: 速い曲は小節を足す"],"fullName":"countIn: 速い曲は小節を足す bpm が不正でも落ちない","status":"passed","title":"bpm が不正でも落ちない","duration":3.2824000000000524,"failureMessages":[],"meta":{},"tags":[]}],"startTime":1789231853133,"endTime":1789231853372.2825,"status":"passed","message":"","name":"C:/Users/tetsu/OneDrive/Desktop/shiftB/music-app/music-app/app/_libs/countIn.test.ts"},{"assertionResults":[{"ancestorTitles":["自由記入の合成タグID"],"fullName":"自由記入の合成タグID 往復できる (make→parse)","status":"passed","title":"往復できる (make→parse)","duration":11.985900000001493,"failureMessages":[],"meta":{},"tags":[]},{"ancestorTitles":["自由記入の合成タグID"],"fullName":"自由記入の合成タグID 区切り文字::を含む文言は潰して安全化する","status":"passed","title":"区切り文字::を含む文言は潰して安全化する","duration":1.8947000000007392,"failureMessages":[],"meta":{},"tags":[]},{"ancestorTitles":["自由記入の合成タグID"],"fullName":"自由記入の合成タグID 40字で切り詰める","status":"passed","title":"40字で切り詰める","duration":4.810299999999188,"failureMessages":[],"meta":{},"tags":[]},{"ancestorTitles":["自由記入の合成タグID"],"fullName":"自由記入の合成タグID resolveObsTag はカタログと自由記入の両対応・未知IDは undefined","status":"passed","title":"resolveObsTag はカタログと自由記入の両対応・未知IDは undefined","duration":2.370500000000902,"failureMessages":[],"meta":{},"tags":[]},{"ancestorTitles":["自由記入の合成タグID"],"fullName":"自由記入の合成タグID spotOfTag はカタログのマッピングと自由記入の埋め込み部位の両対応","status":"passed","title":"spotOfTag はカタログのマッピングと自由記入の埋め込み部位の両対応","duration":5.764900000000125,"failureMessages":[],"meta":{},"tags":[]},{"ancestorTitles":["自由記入の合成タグID"],"fullName":"自由記入の合成タグID マッピング済みタグは全てカタログに実在し、部位IDは一意","status":"passed","title":"マッピング済みタグは全てカタログに実在し、部位IDは一意","duration":9.752200000000812,"failureMessages":[],"meta":{},"tags":[]}],"startTime":1789231876929,"endTime":1789231876966.7522,"status":"passed","message":"","name":"C:/Users/tetsu/OneDrive/Desktop/shiftB/music-app/music-app/app/_libs/customObsTag.test.ts"},{"assertionResults":[{"ancestorTitles":["weakestBundles"],"fullName":"weakestBundles 成功率の低い順、同率は弾いた回数の多い順 ・ 足切り未満は入らない","status":"passed","title":"成功率の低い順、同率は弾いた回数の多い順 ・ 足切り未満は入らない","duration":20.492400000001,"failureMessages":[],"meta":{},"tags":[]},{"ancestorTitles":["weakestBundles"],"fullName":"weakestBundles 音程側は音程のミス、リズム側は入りのミスで束ねる","status":"passed","title":"音程側は音程のミス、リズム側は入りのミスで束ねる","duration":60.27479999999923,"failureMessages":[],"meta":{},"tags":[]},{"ancestorTitles":["weakestBundles"],"fullName":"weakestBundles 束の見出し","status":"passed","title":"束の見出し","duration":13.342599999999948,"failureMessages":[],"meta":{},"tags":[]},{"ancestorTitles":["先生画面の弱点行 ・ weakSlotsFromRows / weakSlotsByPerformance"],"fullName":"先生画面の弱点行 ・ weakSlotsFromRows / weakSlotsByPerformance 音程側→リズム側の順に、足切り3で、limit 件まで","status":"passed","title":"音程側→リズム側の順に、足切り3で、limit 件まで","duration":13.235700000001088,"failureMessages":[],"meta":{},"tags":[]},{"ancestorTitles":["先生画面の弱点行 ・ weakSlotsFromRows / weakSlotsByPerformance"],"fullName":"先生画面の弱点行 ・ weakSlotsFromRows / weakSlotsByPerformance 明細を1回引いて演奏ごとに分ける ・ 読みに失敗したら空","status":"passed","title":"明細を1回引いて演奏ごとに分ける ・ 読みに失敗したら空","duration":4.136099999999715,"failureMessages":[],"meta":{},"tags":[]}],"startTime":1789231867011,"endTime":1789231867126.136,"status":"passed","message":"","name":"C:/Users/tetsu/OneDrive/Desktop/shiftB/music-app/music-app/app/_libs/diagnosisPresentation.test.ts"},{"assertionResults":[{"ancestorTitles":["computeExprFeatures"],"fullName":"computeExprFeatures スラー密度と長スラー率 (区間カバレッジ)","status":"passed","title":"スラー密度と長スラー率 (区間カバレッジ)","duration":12.834200000000237,"failureMessages":[],"meta":{},"tags":[]},{"ancestorTitles":["computeExprFeatures"],"fullName":"computeExprFeatures スタッカート/ロングトーン/低音域/強弱","status":"passed","title":"スタッカート/ロングトーン/低音域/強弱","duration":3.3838999999998123,"failureMessages":[],"meta":{},"tags":[]},{"ancestorTitles":["percentileThreshold (上位5%)"],"fullName":"percentileThreshold (上位5%) 100曲なら上位5位の値がしきい値","status":"passed","title":"100曲なら上位5位の値がしきい値","duration":1.757300000000214,"failureMessages":[],"meta":{},"tags":[]},{"ancestorTitles":["percentileThreshold (上位5%)"],"fullName":"percentileThreshold (上位5%) 少数カタログでも最低1曲は通る","status":"passed","title":"少数カタログでも最低1曲は通る","duration":1.147899999999936,"failureMessages":[],"meta":{},"tags":[]},{"ancestorTitles":["percentileThreshold (上位5%)"],"fullName":"percentileThreshold (上位5%) 全曲0なら Infinity (合う曲なし)","status":"passed","title":"全曲0なら Infinity (合う曲なし)","duration":1.4651000000003478,"failureMessages":[],"meta":{},"tags":[]},{"ancestorTitles":["rankSongsForExpr (相対順位)"],"fullName":"rankSongsForExpr (相対順位) しきい値以上だけを降順で返す (0は常に除外)","status":"passed","title":"しきい値以上だけを降順で返す (0は常に除外)","duration":4.421299999999974,"failureMessages":[],"meta":{},"tags":[]},{"ancestorTitles":["rankSongsForExpr (相対順位)"],"fullName":"rankSongsForExpr (相対順位) 削除済み語彙 (ルバート等) は空","status":"passed","title":"削除済み語彙 (ルバート等) は空","duration":1.2189000000007582,"failureMessages":[],"meta":{},"tags":[]},{"ancestorTitles":["rankSongsForExpr (相対順位)"],"fullName":"rankSongsForExpr (相対順位) 4語彙すべてに軸と雰囲気語がある","status":"passed","title":"4語彙すべてに軸と雰囲気語がある","duration":1.9609000000000378,"failureMessages":[],"meta":{},"tags":[]}],"startTime":1789231876744,"endTime":1789231876775.961,"status":"passed","message":"","name":"C:/Users/tetsu/OneDrive/Desktop/shiftB/music-app/music-app/app/_libs/exprSongFeatures.test.ts"},{"assertionResults":[{"ancestorTitles":["fivePowersFromRows"],"fullName":"fivePowersFromRows 音程とリズムは判定できた音の割合 ・ 10 音未満の軸は null","status":"passed","title":"音程とリズムは判定できた音の割合 ・ 10 音未満の軸は null","duration":23.548899999999776,"failureMessages":[],"meta":{},"tags":[]},{"ancestorTitles":["fivePowersFromRows"],"fullName":"fivePowersFromRows 空なら全部 null","status":"passed","title":"空なら全部 null","duration":2.1289999999999054,"failureMessages":[],"meta":{},"tags":[]},{"ancestorTitles":["comparePowers"],"fullName":"comparePowers 測れない軸は両方 0 に落とし、録音なし に入れる","status":"passed","title":"測れない軸は両方 0 に落とし、録音なし に入れる","duration":6.880000000000109,"failureMessages":[],"meta":{},"tags":[]},{"ancestorTitles":["comparePowers"],"fullName":"comparePowers 結論は いちばん伸びた力 と いちばん下がった力","status":"passed","title":"結論は いちばん伸びた力 と いちばん下がった力","duration":2.655899999999747,"failureMessages":[],"meta":{},"tags":[]},{"ancestorTitles":["comparePowers"],"fullName":"comparePowers 相手に録音が無ければ 相手は null で「録音なし」の文","status":"passed","title":"相手に録音が無ければ 相手は null で「録音なし」の文","duration":2.230199999999968,"failureMessages":[],"meta":{},"tags":[]},{"ancestorTitles":["comparePowers"],"fullName":"comparePowers 下がった力が無ければ いちばん低い力 を言う","status":"passed","title":"下がった力が無ければ いちばん低い力 を言う","duration":1.325300000000425,"failureMessages":[],"meta":{},"tags":[]},{"ancestorTitles":["scaleWindows"],"fullName":"scaleWindows 先週の自分 = 直近 7 日 と その前の 7 日、はじめの自分 = 最初の 5 回","status":"passed","title":"先週の自分 = 直近 7 日 と その前の 7 日、はじめの自分 = 最初の 5 回","duration":7.357299999999668,"failureMessages":[],"meta":{},"tags":[]}],"startTime":1789231861252,"endTime":1789231861303.3574,"status":"passed","message":"","name":"C:/Users/tetsu/OneDrive/Desktop/shiftB/music-app/music-app/app/_libs/fivePowers.test.ts"},{"assertionResults":[{"ancestorTitles":["buildSubMap"],"fullName":"buildSubMap 複数演奏の per_subtask を合算する","status":"passed","title":"複数演奏の per_subtask を合算する","duration":12.56710000000021,"failureMessages":[],"meta":{},"tags":[]},{"ancestorTitles":["buildSubMap"],"fullName":"buildSubMap 壊れた行・null・diagnosisなしは無視","status":"passed","title":"壊れた行・null・diagnosisなしは無視","duration":3.0763000000006286,"failureMessages":[],"meta":{},"tags":[]},{"ancestorTitles":["computeGrowthLine"],"fullName":"computeGrowthLine +3pt以上 伸びたわざを返す (74→78)","status":"passed","title":"+3pt以上 伸びたわざを返す (74→78)","duration":2.490300000001298,"failureMessages":[],"meta":{},"tags":[]},{"ancestorTitles":["computeGrowthLine"],"fullName":"computeGrowthLine 複数伸びたら いちばん伸びたわざ","status":"passed","title":"複数伸びたら いちばん伸びたわざ","duration":1.2844999999997526,"failureMessages":[],"meta":{},"tags":[]},{"ancestorTitles":["computeGrowthLine"],"fullName":"computeGrowthLine 直近30日側・前30日側とも合算8個未満は対象外","status":"passed","title":"直近30日側・前30日側とも合算8個未満は対象外","duration":1.8535000000010768,"failureMessages":[],"meta":{},"tags":[]},{"ancestorTitles":["computeGrowthLine"],"fullName":"computeGrowthLine 伸びが+3pt未満なら null (でっち上げない)","status":"passed","title":"伸びが+3pt未満なら null (でっち上げない)","duration":1.3262999999988097,"failureMessages":[],"meta":{},"tags":[]},{"ancestorTitles":["computeGrowthLine"],"fullName":"computeGrowthLine 下がったときも null (成長1行はポジティブ専用)","status":"passed","title":"下がったときも null (成長1行はポジティブ専用)","duration":1.3873999999996158,"failureMessages":[],"meta":{},"tags":[]},{"ancestorTitles":["growthWindows (窓の選定)"],"fullName":"growthWindows (窓の選定) 演奏期間30日以上: 直近30日 vs その前の30日","status":"passed","title":"演奏期間30日以上: 直近30日 vs その前の30日","duration":1.4826999999986583,"failureMessages":[],"meta":{},"tags":[]},{"ancestorTitles":["growthWindows (窓の選定)"],"fullName":"growthWindows (窓の選定) 演奏期間30日未満: 全期間を半分に割る (前半=base/後半=now)","status":"passed","title":"演奏期間30日未満: 全期間を半分に割る (前半=base/後半=now)","duration":2.6916999999994005,"failureMessages":[],"meta":{},"tags":[]},{"ancestorTitles":["growthWindows (窓の選定)"],"fullName":"growthWindows (窓の選定) ちょうど30日も半分割 (通常窓だと前30日窓が空でnullになるため)","status":"passed","title":"ちょうど30日も半分割 (通常窓だと前30日窓が空でnullになるため)","duration":1.3993000000009488,"failureMessages":[],"meta":{},"tags":[]}],"startTime":1789231882636,"endTime":1789231882669.3994,"status":"passed","message":"","name":"C:/Users/tetsu/OneDrive/Desktop/shiftB/music-app/music-app/app/_libs/growthLine.test.ts"},{"assertionResults":[{"ancestorTitles":["canShowBillingEntryPoint"],"fullName":"canShowBillingEntryPoint apple モード: 殻の中だけ true","status":"passed","title":"apple モード: 殻の中だけ true","duration":716.2095000000008,"failureMessages":[],"meta":{},"tags":[]},{"ancestorTitles":["canShowBillingEntryPoint"],"fullName":"canShowBillingEntryPoint stripe モード (未設定): Web だけ true。本番の現状はこちら","status":"passed","title":"stripe モード (未設定): Web だけ true。本番の現状はこちら","duration":6.26089999999931,"failureMessages":[],"meta":{},"tags":[]},{"ancestorTitles":["canShowBillingEntryPoint"],"fullName":"canShowBillingEntryPoint 明示の stripe も未設定と同じ","status":"passed","title":"明示の stripe も未設定と同じ","duration":5.355999999999767,"failureMessages":[],"meta":{},"tags":[]},{"ancestorTitles":["isNativeApp"],"fullName":"isNativeApp window が無い (サーバー) は false","status":"passed","title":"window が無い (サーバー) は false","duration":20.726300000000265,"failureMessages":[],"meta":{},"tags":[]},{"ancestorTitles":["isNativeApp"],"fullName":"isNativeApp ブリッジの isNativePlatform を信じる","status":"passed","title":"ブリッジの isNativePlatform を信じる","duration":6.268399999999019,"failureMessages":[],"meta":{},"tags":[]},{"ancestorTitles":["isNativeApp"],"fullName":"isNativeApp isNativePlatform が無くても platform ios なら true","status":"passed","title":"isNativePlatform が無くても platform ios なら true","duration":5.772899999999936,"failureMessages":[],"meta":{},"tags":[]},{"ancestorTitles":["NATIVE_BOOT_SCRIPT (描画前の殻の印)"],"fullName":"NATIVE_BOOT_SCRIPT (描画前の殻の印) 殻では html に data-native-boot を立て、Web では何もしない","status":"passed","title":"殻では html に data-native-boot を立て、Web では何もしない","duration":7.498700000000099,"failureMessages":[],"meta":{},"tags":[]}],"startTime":1789231821754,"endTime":1789231822525.4988,"status":"passed","message":"","name":"C:/Users/tetsu/OneDrive/Desktop/shiftB/music-app/music-app/app/_libs/isNativeApp.test.ts"},{"assertionResults":[{"ancestorTitles":["tagId"],"fullName":"tagId tagType:tagKey 形式で結合する","status":"passed","title":"tagType:tagKey 形式で結合する","duration":10.959399999999732,"failureMessages":[],"meta":{},"tags":[]},{"ancestorTitles":["positionTagKey (確定#8: 2nd以上でゲート・6以上は '6')"],"fullName":"positionTagKey (確定#8: 2nd以上でゲート・6以上は '6') 1st ポジションはゲートなし (null)","status":"passed","title":"1st ポジションはゲートなし (null)","duration":2.875199999999495,"failureMessages":[],"meta":{},"tags":[]},{"ancestorTitles":["positionTagKey (確定#8: 2nd以上でゲート・6以上は '6')"],"fullName":"positionTagKey (確定#8: 2nd以上でゲート・6以上は '6') 2nd〜5th はその数字を key にする","status":"passed","title":"2nd〜5th はその数字を key にする","duration":2.010699999999815,"failureMessages":[],"meta":{},"tags":[]},{"ancestorTitles":["positionTagKey (確定#8: 2nd以上でゲート・6以上は '6')"],"fullName":"positionTagKey (確定#8: 2nd以上でゲート・6以上は '6') 6以上は '6' に正規化","status":"passed","title":"6以上は '6' に正規化","duration":2.2148000000006505,"failureMessages":[],"meta":{},"tags":[]},{"ancestorTitles":["positionTagKey (確定#8: 2nd以上でゲート・6以上は '6')"],"fullName":"positionTagKey (確定#8: 2nd以上でゲート・6以上は '6') 数字で始まらない入力は null","status":"passed","title":"数字で始まらない入力は null","duration":1.802400000000489,"failureMessages":[],"meta":{},"tags":[]},{"ancestorTitles":["positionTagKey (確定#8: 2nd以上でゲート・6以上は '6')"],"fullName":"positionTagKey (確定#8: 2nd以上でゲート・6以上は '6') 先頭の数字だけを見る (末尾の序数語は無視)","status":"passed","title":"先頭の数字だけを見る (末尾の序数語は無視)","duration":1.4380000000001019,"failureMessages":[],"meta":{},"tags":[]},{"ancestorTitles":["getUserLessonState: ユニオン = クリア ∪ 申告(≠REVOKED)"],"fullName":"getUserLessonState: ユニオン = クリア ∪ 申告(≠REVOKED) 正式クリアと自己申告を正しく分離しつつユニオンにまとめる","status":"passed","title":"正式クリアと自己申告を正しく分離しつつユニオンにまとめる","duration":12.440999999999804,"failureMessages":[],"meta":{},"tags":[]},{"ancestorTitles":["getUserLessonState: ユニオン = クリア ∪ 申告(≠REVOKED)"],"fullName":"getUserLessonState: ユニオン = クリア ∪ 申告(≠REVOKED) REVOKED は prisma クエリの where で除外される (state ≠ REVOKED)","status":"passed","title":"REVOKED は prisma クエリの where で除外される (state ≠ REVOKED)","duration":5.13799999999992,"failureMessages":[],"meta":{},"tags":[]},{"ancestorTitles":["getUserLessonState: ユニオン = クリア ∪ 申告(≠REVOKED)"],"fullName":"getUserLessonState: ユニオン = クリア ∪ 申告(≠REVOKED) 申告のみ(クリア無し)は全て selfReported かつ union","status":"passed","title":"申告のみ(クリア無し)は全て selfReported かつ union","duration":4.961199999999735,"failureMessages":[],"meta":{},"tags":[]},{"ancestorTitles":["getUserLessonState: ユニオン = クリア ∪ 申告(≠REVOKED)"],"fullName":"getUserLessonState: ユニオン = クリア ∪ 申告(≠REVOKED) 何も無いユーザは全て空集合","status":"passed","title":"何も無いユーザは全て空集合","duration":2.3479000000006636,"failureMessages":[],"meta":{},"tags":[]}],"startTime":1789231869315,"endTime":1789231869364.348,"status":"passed","message":"","name":"C:/Users/tetsu/OneDrive/Desktop/shiftB/music-app/music-app/app/_libs/lessonStatus.test.ts"},{"assertionResults":[{"ancestorTitles":["MATERIAL_KIND_BY_CATEGORY"],"fullName":"MATERIAL_KIND_BY_CATEGORY 各カテゴリの kind は key の UPPER_SNAKE 形","status":"passed","title":"各カテゴリの kind は key の UPPER_SNAKE 形","duration":13.501099999999497,"failureMessages":[],"meta":{},"tags":[]},{"ancestorTitles":["MATERIAL_KIND_BY_CATEGORY"],"fullName":"MATERIAL_KIND_BY_CATEGORY 全 PracticeCategory (基礎練6 + etude) を被覆する","status":"passed","title":"全 PracticeCategory (基礎練6 + etude) を被覆する","duration":3.277100000000246,"failureMessages":[],"meta":{},"tags":[]},{"ancestorTitles":["MATERIAL_KIND_BY_CATEGORY"],"fullName":"MATERIAL_KIND_BY_CATEGORY 曲(score) と lesson は含まない（SONG は別経路 / lesson は変種なし）","status":"passed","title":"曲(score) と lesson は含まない（SONG は別経路 / lesson は変種なし）","duration":1.2880999999997584,"failureMessages":[],"meta":{},"tags":[]},{"ancestorTitles":["MATERIAL_KIND_BY_CATEGORY"],"fullName":"MATERIAL_KIND_BY_CATEGORY キー集合は PracticeCategory と過不足なく一致する","status":"passed","title":"キー集合は PracticeCategory と過不足なく一致する","duration":9.261500000000524,"failureMessages":[],"meta":{},"tags":[]},{"ancestorTitles":["ensurePracticeItemGroup"],"fullName":"ensurePracticeItemGroup マップ外カテゴリ(lesson)は kind 無し → null を返しグループを作らない","status":"passed","title":"マップ外カテゴリ(lesson)は kind 無し → null を返しグループを作らない","duration":5.279600000000755,"failureMessages":[],"meta":{},"tags":[]},{"ancestorTitles":["ensurePracticeItemGroup"],"fullName":"ensurePracticeItemGroup 既に groupId があれば据え置き（再作成しない）","status":"passed","title":"既に groupId があれば据え置き（再作成しない）","duration":1.5393000000003667,"failureMessages":[],"meta":{},"tags":[]},{"ancestorTitles":["ensurePracticeItemGroup"],"fullName":"ensurePracticeItemGroup 存在しない教材は null","status":"passed","title":"存在しない教材は null","duration":1.6162999999996828,"failureMessages":[],"meta":{},"tags":[]},{"ancestorTitles":["ensurePracticeItemGroup"],"fullName":"ensurePracticeItemGroup マップ内カテゴリは正しい kind でグループを作成し紐付ける","status":"passed","title":"マップ内カテゴリは正しい kind でグループを作成し紐付ける","duration":7.2403000000003885,"failureMessages":[],"meta":{},"tags":[]},{"ancestorTitles":["ensureScoreGroup"],"fullName":"ensureScoreGroup 存在しない曲は null","status":"passed","title":"存在しない曲は null","duration":3.413300000000163,"failureMessages":[],"meta":{},"tags":[]},{"ancestorTitles":["ensureScoreGroup"],"fullName":"ensureScoreGroup 既に groupId があれば据え置き","status":"passed","title":"既に groupId があれば据え置き","duration":1.8827000000001135,"failureMessages":[],"meta":{},"tags":[]},{"ancestorTitles":["ensureScoreGroup"],"fullName":"ensureScoreGroup 未紐付けの曲は SONG グループを作り紐付ける","status":"passed","title":"未紐付けの曲は SONG グループを作り紐付ける","duration":3.809200000000601,"failureMessages":[],"meta":{},"tags":[]}],"startTime":1789231877164,"endTime":1789231877222.809,"status":"passed","message":"","name":"C:/Users/tetsu/OneDrive/Desktop/shiftB/music-app/music-app/app/_libs/materialGroup.test.ts"},{"assertionResults":[{"ancestorTitles":["parseParts"],"fullName":"parseParts 配列でない/壊れた入力は空配列","status":"passed","title":"配列でない/壊れた入力は空配列","duration":15.12920000000031,"failureMessages":[],"meta":{},"tags":[]},{"ancestorTitles":["parseParts"],"fullName":"parseParts order昇順で返す・order欠落は出現順で補完","status":"passed","title":"order昇順で返す・order欠落は出現順で補完","duration":2.2848000000003594,"failureMessages":[],"meta":{},"tags":[]},{"ancestorTitles":["validatePart"],"fullName":"validatePart 正常は null","status":"passed","title":"正常は null","duration":1.5771000000004278,"failureMessages":[],"meta":{},"tags":[]},{"ancestorTitles":["validatePart"],"fullName":"validatePart 名前空・開始<1・終了<開始・小節超過を弾く","status":"passed","title":"名前空・開始<1・終了<開始・小節超過を弾く","duration":2.526499999999942,"failureMessages":[],"meta":{},"tags":[]},{"ancestorTitles":["validatePart"],"fullName":"validatePart 任意スポット: 重なり・隙間・部分カバーは許容(単体では弾かない)","status":"passed","title":"任意スポット: 重なり・隙間・部分カバーは許容(単体では弾かない)","duration":1.6201000000000931,"failureMessages":[],"meta":{},"tags":[]},{"ancestorTitles":["validateParts"],"fullName":"validateParts ID重複は不可","status":"passed","title":"ID重複は不可","duration":2.317800000000716,"failureMessages":[],"meta":{},"tags":[]},{"ancestorTitles":["validateParts"],"fullName":"validateParts 重なり・隙間は許容(スポット)","status":"passed","title":"重なり・隙間は許容(スポット)","duration":69.77840000000015,"failureMessages":[],"meta":{},"tags":[]},{"ancestorTitles":["resolvePartToNoteRange"],"fullName":"resolvePartToNoteRange 小節範囲→音符範囲(先頭/末尾のindex)","status":"passed","title":"小節範囲→音符範囲(先頭/末尾のindex)","duration":1.840400000000045,"failureMessages":[],"meta":{},"tags":[]},{"ancestorTitles":["resolvePartToNoteRange"],"fullName":"resolvePartToNoteRange 部分範囲","status":"passed","title":"部分範囲","duration":3.4351999999998952,"failureMessages":[],"meta":{},"tags":[]},{"ancestorTitles":["resolvePartToNoteRange"],"fullName":"resolvePartToNoteRange 範囲内に音符が無ければ null","status":"passed","title":"範囲内に音符が無ければ null","duration":1.957300000000032,"failureMessages":[],"meta":{},"tags":[]}],"startTime":1789231885397,"endTime":1789231885504.9573,"status":"passed","message":"","name":"C:/Users/tetsu/OneDrive/Desktop/shiftB/music-app/music-app/app/_libs/materialParts.test.ts"},{"assertionResults":[{"ancestorTitles":["難易度 (DifficultyId)"],"fullName":"難易度 (DifficultyId) Difficulty enum と一致する3段階を持つ","status":"passed","title":"Difficulty enum と一致する3段階を持つ","duration":10.558600000000297,"failureMessages":[],"meta":{},"tags":[]},{"ancestorTitles":["難易度 (DifficultyId)"],"fullName":"難易度 (DifficultyId) isDifficulty は定義済みを受理し未知を拒否","status":"passed","title":"isDifficulty は定義済みを受理し未知を拒否","duration":2.764999999999418,"failureMessages":[],"meta":{},"tags":[]},{"ancestorTitles":["奏法 (ArticulationId)"],"fullName":"奏法 (ArticulationId) 9奏法を定義順で持ち、id は重複しない","status":"passed","title":"9奏法を定義順で持ち、id は重複しない","duration":1.7975999999998749,"failureMessages":[],"meta":{},"tags":[]},{"ancestorTitles":["奏法 (ArticulationId)"],"fullName":"奏法 (ArticulationId) 全奏法が非空ラベルを持つ","status":"passed","title":"全奏法が非空ラベルを持つ","duration":2.0184999999992215,"failureMessages":[],"meta":{},"tags":[]},{"ancestorTitles":["奏法 (ArticulationId)"],"fullName":"奏法 (ArticulationId) isArticulation は定義済みを受理し未知を拒否","status":"passed","title":"isArticulation は定義済みを受理し未知を拒否","duration":2.0187999999998283,"failureMessages":[],"meta":{},"tags":[]},{"ancestorTitles":["変種軸の判定 (usesDifficulty / usesArticulation)"],"fullName":"変種軸の判定 (usesDifficulty / usesArticulation) 難易度軸は score / etude のみ","status":"passed","title":"難易度軸は score / etude のみ","duration":1.8353000000006432,"failureMessages":[],"meta":{},"tags":[]},{"ancestorTitles":["変種軸の判定 (usesDifficulty / usesArticulation)"],"fullName":"変種軸の判定 (usesDifficulty / usesArticulation) 奏法軸は基礎練6カテゴリ（score/etude/lesson を除く全て）","status":"passed","title":"奏法軸は基礎練6カテゴリ（score/etude/lesson を除く全て）","duration":1.8640999999997803,"failureMessages":[],"meta":{},"tags":[]},{"ancestorTitles":["変種軸の判定 (usesDifficulty / usesArticulation)"],"fullName":"変種軸の判定 (usesDifficulty / usesArticulation) 難易度軸と奏法軸は排他（同一カテゴリで両方 true にならない）","status":"passed","title":"難易度軸と奏法軸は排他（同一カテゴリで両方 true にならない）","duration":1.683799999999792,"failureMessages":[],"meta":{},"tags":[]},{"ancestorTitles":["変種軸の判定 (usesDifficulty / usesArticulation)"],"fullName":"変種軸の判定 (usesDifficulty / usesArticulation) 各実カテゴリはいずれかの変種軸を持つ（lesson を除く）","status":"passed","title":"各実カテゴリはいずれかの変種軸を持つ（lesson を除く）","duration":4.09060000000045,"failureMessages":[],"meta":{},"tags":[]}],"startTime":1789231884394,"endTime":1789231884426.0906,"status":"passed","message":"","name":"C:/Users/tetsu/OneDrive/Desktop/shiftB/music-app/music-app/app/_libs/materialVariant.test.ts"},{"assertionResults":[{"ancestorTitles":["modeToJa"],"fullName":"modeToJa 既知の mode を日本語に","status":"passed","title":"既知の mode を日本語に","duration":8.702099999999518,"failureMessages":[],"meta":{},"tags":[]},{"ancestorTitles":["modeToJa"],"fullName":"modeToJa 未知/空は素通し","status":"passed","title":"未知/空は素通し","duration":1.5255999999999403,"failureMessages":[],"meta":{},"tags":[]},{"ancestorTitles":["formatKey"],"fullName":"formatKey tonic + mode を組み立て","status":"passed","title":"tonic + mode を組み立て","duration":1.647399999999834,"failureMessages":[],"meta":{},"tags":[]},{"ancestorTitles":["formatKey"],"fullName":"formatKey 片方だけでも対応","status":"passed","title":"片方だけでも対応","duration":1.152900000000045,"failureMessages":[],"meta":{},"tags":[]},{"ancestorTitles":["tonicToJa"],"fullName":"tonicToJa 英字はそのまま、null は空","status":"passed","title":"英字はそのまま、null は空","duration":0.9831000000003769,"failureMessages":[],"meta":{},"tags":[]}],"startTime":1789231889127,"endTime":1789231889143.9832,"status":"passed","message":"","name":"C:/Users/tetsu/OneDrive/Desktop/shiftB/music-app/music-app/app/_libs/musicNotation.test.ts"},{"assertionResults":[{"ancestorTitles":["detectKeyFromMusicXmlText"],"fullName":"detectKeyFromMusicXmlText fifths だけなら長調","status":"passed","title":"fifths だけなら長調","duration":17.484799999999268,"failureMessages":[],"meta":{},"tags":[]},{"ancestorTitles":["detectKeyFromMusicXmlText"],"fullName":"detectKeyFromMusicXmlText mode minor を読む","status":"passed","title":"mode minor を読む","duration":2.584100000000035,"failureMessages":[],"meta":{},"tags":[]},{"ancestorTitles":["detectKeyFromMusicXmlText"],"fullName":"detectKeyFromMusicXmlText <key> が無ければ null","status":"passed","title":"<key> が無ければ null","duration":2.060500000000502,"failureMessages":[],"meta":{},"tags":[]},{"ancestorTitles":["detectKeyFromMusicXmlText"],"fullName":"detectKeyFromMusicXmlText 選択肢に無い異名同音は選択肢側へ寄せる","status":"passed","title":"選択肢に無い異名同音は選択肢側へ寄せる","duration":1.593300000000454,"failureMessages":[],"meta":{},"tags":[]},{"ancestorTitles":["detectKeyFromMusicXml (.mxl)"],"fullName":"detectKeyFromMusicXml (.mxl) 生 XML","status":"passed","title":"生 XML","duration":2.9989999999997963,"failureMessages":[],"meta":{},"tags":[]},{"ancestorTitles":["detectKeyFromMusicXml (.mxl)"],"fullName":"detectKeyFromMusicXml (.mxl) zip: container.xml の rootfile を読む (deflate)","status":"passed","title":"zip: container.xml の rootfile を読む (deflate)","duration":8.818000000000211,"failureMessages":[],"meta":{},"tags":[]},{"ancestorTitles":["detectKeyFromMusicXml (.mxl)"],"fullName":"detectKeyFromMusicXml (.mxl) zip: container.xml が無ければ最初の xml (store)","status":"passed","title":"zip: container.xml が無ければ最初の xml (store)","duration":2.4215000000003783,"failureMessages":[],"meta":{},"tags":[]}],"startTime":1789231889709,"endTime":1789231889749.4214,"status":"passed","message":"","name":"C:/Users/tetsu/OneDrive/Desktop/shiftB/music-app/music-app/app/_libs/musicxmlKey.test.ts"},{"assertionResults":[{"ancestorTitles":["音名の表記 (music21 の '-' フラット)"],"fullName":"音名の表記 (music21 の '-' フラット) normalize: '-' や ♭/♯ を内部表記 b/# にそろえる","status":"passed","title":"normalize: '-' や ♭/♯ を内部表記 b/# にそろえる","duration":67.53070000000025,"failureMessages":[],"meta":{},"tags":[]},{"ancestorTitles":["音名の表記 (music21 の '-' フラット)"],"fullName":"音名の表記 (music21 の '-' フラット) display: ♭ ♯ で見せる","status":"passed","title":"display: ♭ ♯ で見せる","duration":3.0784999999996217,"failureMessages":[],"meta":{},"tags":[]}],"startTime":1789231890276,"endTime":1789231890347.0786,"status":"passed","message":"","name":"C:/Users/tetsu/OneDrive/Desktop/shiftB/music-app/music-app/app/_libs/noteName.test.ts"},{"assertionResults":[{"ancestorTitles":["pitchToMidi"],"fullName":"pitchToMidi ♯♭とオクターブを読む ・ 不明は null","status":"passed","title":"♯♭とオクターブを読む ・ 不明は null","duration":10.811300000000301,"failureMessages":[],"meta":{},"tags":[]},{"ancestorTitles":["chordIntervalLabel ・ lib/note_store.py と同じ語"],"fullName":"chordIntervalLabel ・ lib/note_store.py と同じ語 3度 4度 5度 6度 オクターブ その他","status":"passed","title":"3度 4度 5度 6度 オクターブ その他","duration":3.3341999999993277,"failureMessages":[],"meta":{},"tags":[]},{"ancestorTitles":["aggregateChords"],"fullName":"aggregateChords 構成音の隣接ペアごとに束ね、ミスは音程 ・ 単音は数えない","status":"passed","title":"構成音の隣接ペアごとに束ね、ミスは音程 ・ 単音は数えない","duration":5.657100000000355,"failureMessages":[],"meta":{},"tags":[]}],"startTime":1789231884797,"endTime":1789231884818.657,"status":"passed","message":"","name":"C:/Users/tetsu/OneDrive/Desktop/shiftB/music-app/music-app/app/_libs/noteStore.test.ts"},{"assertionResults":[{"ancestorTitles":["スラーの中の移動の束"],"fullName":"スラーの中の移動の束 2 音目以降は slur|N|prev|cur。最初の音は数えない","status":"passed","title":"2 音目以降は slur|N|prev|cur。最初の音は数えない","duration":12.966899999999441,"failureMessages":[],"meta":{},"tags":[]},{"ancestorTitles":["スラーの中の移動の束"],"fullName":"スラーの中の移動の束 スラーの情報が無い古い並びは従来の technique|slur|音","status":"passed","title":"スラーの情報が無い古い並びは従来の technique|slur|音","duration":1.5559999999986758,"failureMessages":[],"meta":{},"tags":[]},{"ancestorTitles":["スラーの中の移動の束"],"fullName":"スラーの中の移動の束 ほかのわざはこれまでどおり","status":"passed","title":"ほかのわざはこれまでどおり","duration":1.3387000000002445,"failureMessages":[],"meta":{},"tags":[]},{"ancestorTitles":["スラーの中の移動の束"],"fullName":"スラーの中の移動の束 段階的に緩める: 前後 1 音 → 移動だけ","status":"passed","title":"段階的に緩める: 前後 1 音 → 移動だけ","duration":5.014800000000832,"failureMessages":[],"meta":{},"tags":[]},{"ancestorTitles":["スラーの中の移動の束"],"fullName":"スラーの中の移動の束 見出し","status":"passed","title":"見出し","duration":3.06420000000071,"failureMessages":[],"meta":{},"tags":[]}],"startTime":1789231883844,"endTime":1789231883868.0642,"status":"passed","message":"","name":"C:/Users/tetsu/OneDrive/Desktop/shiftB/music-app/music-app/app/_libs/noteStoreSlur.test.ts"},{"assertionResults":[{"ancestorTitles":["conditionSuffixes ・ 条件の名前"],"fullName":"conditionSuffixes ・ 条件の名前 ポジション移動は 1〜4 と 5plus に束ねる ・ 不明なら出さない","status":"passed","title":"ポジション移動は 1〜4 と 5plus に束ねる ・ 不明なら出さない","duration":19.211999999999534,"failureMessages":[],"meta":{},"tags":[]},{"ancestorTitles":["conditionSuffixes ・ 条件の名前"],"fullName":"conditionSuffixes ・ 条件の名前 重音は構成音の隣接ペアの度数 × 連続/単発","status":"passed","title":"重音は構成音の隣接ペアの度数 × 連続/単発","duration":42.86499999999978,"failureMessages":[],"meta":{},"tags":[]},{"ancestorTitles":["conditionSuffixes ・ 条件の名前"],"fullName":"conditionSuffixes ・ 条件の名前 わざは13種と1:1","status":"passed","title":"わざは13種と1:1","duration":1.9314999999996871,"failureMessages":[],"meta":{},"tags":[]},{"ancestorTitles":["conditionSuffixes ・ 条件の名前"],"fullName":"conditionSuffixes ・ 条件の名前 音の移動は 弦遷移 × 方向 × 距離 ・ 同度の移弦は unison_crossing","status":"passed","title":"音の移動は 弦遷移 × 方向 × 距離 ・ 同度の移弦は unison_crossing","duration":8.408800000000156,"failureMessages":[],"meta":{},"tags":[]},{"ancestorTitles":["conditionSuffixes ・ 条件の名前"],"fullName":"conditionSuffixes ・ 条件の名前 リズムだけの文脈: 音価 ・ 付点 ・ 連符 ・ 休みの入り","status":"passed","title":"リズムだけの文脈: 音価 ・ 付点 ・ 連符 ・ 休みの入り","duration":8.675099999999475,"failureMessages":[],"meta":{},"tags":[]},{"ancestorTitles":["perSubtaskOf ・ ミスの帰属"],"fullName":"perSubtaskOf ・ ミスの帰属 音程の木は pitchOk、リズムの木は startOk、not_detected はミスではなく undetected に別枠","status":"passed","title":"音程の木は pitchOk、リズムの木は startOk、not_detected はミスではなく undetected に別枠","duration":6.373099999999795,"failureMessages":[],"meta":{},"tags":[]},{"ancestorTitles":["perSubtaskOf ・ ミスの帰属"],"fullName":"perSubtaskOf ・ ミスの帰属 リズムだけの文脈は rhythm_ にしか出ない","status":"passed","title":"リズムだけの文脈は rhythm_ にしか出ない","duration":43.65819999999985,"failureMessages":[],"meta":{},"tags":[]},{"ancestorTitles":["noteStatsOf"],"fullName":"noteStatsOf 音名別 ・ 音域帯 ・ ポジション別 ・ 遷移 を旧と同じ形で作る","status":"passed","title":"音名別 ・ 音域帯 ・ ポジション別 ・ 遷移 を旧と同じ形で作る","duration":59.47599999999966,"failureMessages":[],"meta":{},"tags":[]},{"ancestorTitles":["noteStatsOf"],"fullName":"noteStatsOf 評価していない音は数えない ・ 演奏をまたぐ遷移は作らない","status":"passed","title":"評価していない音は数えない ・ 演奏をまたぐ遷移は作らない","duration":3.732199999999466,"failureMessages":[],"meta":{},"tags":[]},{"ancestorTitles":["noteStatsOf"],"fullName":"noteStatsOf 低い音域は 440Hz 未満 ・ 高いポジションは 4plus","status":"passed","title":"低い音域は 440Hz 未満 ・ 高いポジションは 4plus","duration":2.4921999999996842,"failureMessages":[],"meta":{},"tags":[]},{"ancestorTitles":["derivedSummaryOf / withDerived"],"fullName":"derivedSummaryOf / withDerived analysisSummary と同じ形 ・ 明細の無い演奏は null","status":"passed","title":"analysisSummary と同じ形 ・ 明細の無い演奏は null","duration":4.153500000000349,"failureMessages":[],"meta":{},"tags":[]}],"startTime":1789231848910,"endTime":1789231849172.1536,"status":"passed","message":"","name":"C:/Users/tetsu/OneDrive/Desktop/shiftB/music-app/music-app/app/_libs/noteStoreSummary.test.ts"},{"assertionResults":[{"ancestorTitles":["束ね方 ・ groupKeysOf / aggregate"],"fullName":"束ね方 ・ groupKeysOf / aggregate 音程タブは 前の音名→今の音名。曲頭は入らない","status":"passed","title":"音程タブは 前の音名→今の音名。曲頭は入らない","duration":14.054400000000896,"failureMessages":[],"meta":{},"tags":[]},{"ancestorTitles":["束ね方 ・ groupKeysOf / aggregate"],"fullName":"束ね方 ・ groupKeysOf / aggregate ミスはその音への移動に帰属する ・ R3","status":"passed","title":"ミスはその音への移動に帰属する ・ R3","duration":2.5383999999976368,"failureMessages":[],"meta":{},"tags":[]},{"ancestorTitles":["束ね方 ・ groupKeysOf / aggregate"],"fullName":"束ね方 ・ groupKeysOf / aggregate 検出できない音は音程と入りの両方のミス","status":"passed","title":"検出できない音は音程と入りの両方のミス","duration":2.284299999999348,"failureMessages":[],"meta":{},"tags":[]},{"ancestorTitles":["束ね方 ・ groupKeysOf / aggregate"],"fullName":"束ね方 ・ groupKeysOf / aggregate 入りのミスは音程の束に影響しない","status":"passed","title":"入りのミスは音程の束に影響しない","duration":1.2471000000005006,"failureMessages":[],"meta":{},"tags":[]},{"ancestorTitles":["束ね方 ・ groupKeysOf / aggregate"],"fullName":"束ね方 ・ groupKeysOf / aggregate 音名が不明の音は音程の束に入らない","status":"passed","title":"音名が不明の音は音程の束に入らない
[...]
ID_CHANGE_RENEWAL_STATUS) は状態を変えない: 期限内なら active のまま","duration":1.6306000000004133,"failureMessages":[],"meta":{},"tags":[]},{"ancestorTitles":["derivePlanStatus (要件整理 v2.7 §2 の通知表)"],"fullName":"derivePlanStatus (要件整理 v2.7 §2 の通知表) 無料期間中に自動更新オフでも trialing のまま","status":"passed","title":"無料期間中に自動更新オフでも trialing のまま","duration":2.2893000000003667,"failureMessages":[],"meta":{},"tags":[]},{"ancestorTitles":["derivePlanStatus (要件整理 v2.7 §2 の通知表)"],"fullName":"derivePlanStatus (要件整理 v2.7 §2 の通知表) 無料期間 (offerType 1) でも期限が過ぎていれば expired","status":"passed","title":"無料期間 (offerType 1) でも期限が過ぎていれば expired","duration":1.0401999999994587,"failureMessages":[],"meta":{},"tags":[]},{"ancestorTitles":["isKnownProduct (製品 ID の定数化 §5)"],"fullName":"isKnownProduct (製品 ID の定数化 §5) 年額と月額だけを知っている","status":"passed","title":"年額と月額だけを知っている","duration":1.471800000002986,"failureMessages":[],"meta":{},"tags":[]}],"startTime":1789231858171,"endTime":1789231858209.4717,"status":"passed","message":"","name":"C:/Users/tetsu/OneDrive/Desktop/shiftB/music-app/music-app/app/_libs/apple/appleServer.test.ts"},{"assertionResults":[{"ancestorTitles":["音価"],"fullName":"音価 付点 ・ 複付点 ・ 連符","status":"passed","title":"付点 ・ 複付点 ・ 連符","duration":10.4996000000001,"failureMessages":[],"meta":{},"tags":[]},{"ancestorTitles":["ポジションの算術 (解析器と同じ)"],"fullName":"ポジションの算術 (解析器と同じ) D 線の F5 は指 1 で第 9、指 4 で第 6 ・ 上限 12 の内","status":"passed","title":"D 線の F5 は指 1 で第 9、指 4 で第 6 ・ 上限 12 の内","duration":2.311800000000403,"failureMessages":[],"meta":{},"tags":[]},{"ancestorTitles":["ポジションの算術 (解析器と同じ)"],"fullName":"ポジションの算術 (解析器と同じ) 開放弦より低い音 ・ 指 0 の誤用 ・ 手が下 は理由つきで弾く","status":"passed","title":"開放弦より低い音 ・ 指 0 の誤用 ・ 手が下 は理由つきで弾く","duration":2.301100000000588,"failureMessages":[],"meta":{},"tags":[]},{"ancestorTitles":["ポジションの算術 (解析器と同じ)"],"fullName":"ポジションの算術 (解析器と同じ) ハーフポジション (G 線 G#3 指 1) は第 1","status":"passed","title":"ハーフポジション (G 線 G#3 指 1) は第 1","duration":0.7921000000005733,"failureMessages":[],"meta":{},"tags":[]},{"ancestorTitles":["ポジションの算術 (解析器と同じ)"],"fullName":"ポジションの算術 (解析器と同じ) 自動付与は低い弦の第 1 ポジション優先 ・ 前の音と同じ弦を優先","status":"passed","title":"自動付与は低い弦の第 1 ポジション優先 ・ 前の音と同じ弦を優先","duration":10.515900000000329,"failureMessages":[],"meta":{},"tags":[]},{"ancestorTitles":["ポジションの算術 (解析器と同じ)"],"fullName":"ポジションの算術 (解析器と同じ) 弦 ・ 指 ・ ポジション → 音 (調の綴り)","status":"passed","title":"弦 ・ 指 ・ ポジション → 音 (調の綴り)","duration":2.5835000000006403,"failureMessages":[],"meta":{},"tags":[]},{"ancestorTitles":["調 ・ 綴り"],"fullName":"調 ・ 綴り 調号の変化 ・ 主音","status":"passed","title":"調号の変化 ・ 主音","duration":1.855199999999968,"failureMessages":[],"meta":{},"tags":[]},{"ancestorTitles":["調 ・ 綴り"],"fullName":"調 ・ 綴り 調の音を 1 段上がる ・ 半音","status":"passed","title":"調の音を 1 段上がる ・ 半音","duration":1.9340999999994892,"failureMessages":[],"meta":{},"tags":[]},{"ancestorTitles":["臨時記号の 6 規則"],"fullName":"臨時記号の 6 規則 ① 調号の音には付けない ② 違う音には付ける ③ 同じ小節の 2 回目は省く (オクターブ違いは付ける) ⑤ ナチュラルで戻す","status":"passed","title":"① 調号の音には付けない ② 違う音には付ける ③ 同じ小節の 2 回目は省く (オクターブ違いは付ける) ⑤ ナチュラルで戻す","duration":5.998999999999796,"failureMessages":[],"meta":{},"tags":[]},{"ancestorTitles":["臨時記号の 6 規則"],"fullName":"臨時記号の 6 規則 ④ 小節をまたいだら付け直す ⑥ 前の小節で変えた音が戻るとき 親切な臨時記号","status":"passed","title":"④ 小節をまたいだら付け直す ⑥ 前の小節で変えた音が戻るとき 親切な臨時記号","duration":5.135000000000218,"failureMessages":[],"meta":{},"tags":[]},{"ancestorTitles":["臨時記号の 6 規則"],"fullName":"臨時記号の 6 規則 タイで続く音には付けない","status":"passed","title":"タイで続く音には付けない","duration":2.2677999999996246,"failureMessages":[],"meta":{},"tags":[]},{"ancestorTitles":["並べる"],"fullName":"並べる G 長調 2 オクターブ 上って下りる = 29 音 ・ 綴りは調どおり","status":"passed","title":"G 長調 2 オクターブ 上って下りる = 29 音 ・ 綴りは調どおり","duration":4.043599999999969,"failureMessages":[],"meta":{},"tags":[]},{"ancestorTitles":["並べる"],"fullName":"並べる 旋律的短音階は上りと下りで音が違う","status":"passed","title":"旋律的短音階は上りと下りで音が違う","duration":1.709700000000339,"failureMessages":[],"meta":{},"tags":[]},{"ancestorTitles":["並べる"],"fullName":"並べる 和声的短音階 ・ 属七 ・ 減七 の綴り","status":"passed","title":"和声的短音階 ・ 属七 ・ 減七 の綴り","duration":16.638999999999214,"failureMessages":[],"meta":{},"tags":[]},{"ancestorTitles":["並べる"],"fullName":"並べる 弦と指の自動付与は G 線から始まり隣の弦へ","status":"passed","title":"弦と指の自動付与は G 線から始まり隣の弦へ","duration":9.470099999999547,"failureMessages":[],"meta":{},"tags":[]},{"ancestorTitles":["並べる"],"fullName":"並べる 型の文字列 ・ ポジション付き","status":"passed","title":"型の文字列 ・ ポジション付き","duration":5.551099999999678,"failureMessages":[],"meta":{},"tags":[]},{"ancestorTitles":["MusicXML"],"fullName":"MusicXML 調 ・ 拍子 ・ 弦 ・ 指 ・ 臨時記号 ・ 小節番号 ・ 終止線","status":"passed","title":"調 ・ 拍子 ・ 弦 ・ 指 ・ 臨時記号 ・ 小節番号 ・ 終止線","duration":7.420499999999265,"failureMessages":[],"meta":{},"tags":[]},{"ancestorTitles":["MusicXML"],"fullName":"MusicXML 弱起 ・ 拍子と調の変更 ・ 反復 ・ 括弧 ・ とび先 ・ 強弱 ・ テンポ","status":"passed","title":"弱起 ・ 拍子と調の変更 ・ 反復 ・ 括弧 ・ とび先 ・ 強弱 ・ テンポ","duration":3.9615999999996347,"failureMessages":[],"meta":{},"tags":[]},{"ancestorTitles":["MusicXML"],"fullName":"MusicXML 重音 ・ タイ ・ スラー ・ 連符 ・ 装飾音 ・ 奏法 ・ 弓 ・ ハーモニクス ・ トリル ・ トレモロ","status":"passed","title":"重音 ・ タイ ・ スラー ・ 連符 ・ 装飾音 ・ 奏法 ・ 弓 ・ ハーモニクス ・ トリル ・ トレモロ","duration":6.640300000000025,"failureMessages":[],"meta":{},"tags":[]},{"ancestorTitles":["検証"],"fullName":"検証 拍の不足 ・ 余り ・ 弦指の不整合 ・ タイ ・ スラー ・ 括弧 ・ とび先","status":"passed","title":"拍の不足 ・ 余り ・ 弦指の不整合 ・ タイ ・ スラー ・ 括弧 ・ とび先","duration":133.08100000000013,"failureMessages":[],"meta":{},"tags":[]},{"ancestorTitles":["検証"],"fullName":"検証 正しい楽譜は問題なし","status":"passed","title":"正しい楽譜は問題なし","duration":12.411399999999958,"failureMessages":[],"meta":{},"tags":[]}],"startTime":1789231829722,"endTime":1789231829978.4114,"status":"passed","message":"","name":"C:/Users/tetsu/OneDrive/Desktop/shiftB/music-app/music-app/app/_libs/author/author.test.ts"},{"assertionResults":[{"ancestorTitles":["profileCell ・ かたち → 弦/半音セル"],"fullName":"profileCell ・ かたち → 弦/半音セル 弦と音名から枠番号を出す ・ 開放弦は 0","status":"passed","title":"弦と音名から枠番号を出す ・ 開放弦は 0","duration":16.161399999999958,"failureMessages":[],"meta":{},"tags":[]},{"ancestorTitles":["profileCell ・ かたち → 弦/半音セル"],"fullName":"profileCell ・ かたち → 弦/半音セル 弦不明・音名不明・指板の外は null ・ ポジション不明と指不明は null に落とす","status":"passed","title":"弦不明・音名不明・指板の外は null ・ ポジション不明と指不明は null に落とす","duration":3.578500000000531,"failureMessages":[],"meta":{},"tags":[]},{"ancestorTitles":["aggregateHeatmapRows"],"fullName":"aggregateHeatmapRows 向きつきのミスだけ数える ・ 5音未満のセルは返さない ・ 判定不能は除外","status":"passed","title":"向きつきのミスだけ数える ・ 5音未満のセルは返さない ・ 判定不能は除外","duration":8.64429999999993,"failureMessages":[],"meta":{},"tags":[]},{"ancestorTitles":["aggregateHeatmapRows"],"fullName":"aggregateHeatmapRows 遷移元は同じ演奏の直前の音 ・ ポジションが変われば札はシフト ・ 演奏が変われば切る","status":"passed","title":"遷移元は同じ演奏の直前の音 ・ ポジションが変われば札はシフト ・ 演奏が変われば切る","duration":4.686700000000201,"failureMessages":[],"meta":{},"tags":[]},{"ancestorTitles":["fastSwitchRows"],"fullName":"fastSwitchRows 前の音からの実時間で帯に入れる ・ 開放弦と同音連続と演奏の切れ目は除く","status":"passed","title":"前の音からの実時間で帯に入れる ・ 開放弦と同音連続と演奏の切れ目は除く","duration":4.926099999999678,"failureMessages":[],"meta":{},"tags":[]},{"ancestorTitles":["fastSwitchRows"],"fullName":"fastSwitchRows 20音に届かない帯は成功率 null ・ 別の演奏にまたぐ組は数えない","status":"passed","title":"20音に届かない帯は成功率 null ・ 別の演奏にまたぐ組は数えない","duration":1.431999999999789,"failureMessages":[],"meta":{},"tags":[]}],"startTime":1789231873131,"endTime":1789231873174.432,"status":"passed","message":"","name":"C:/Users/tetsu/OneDrive/Desktop/shiftB/music-app/music-app/app/_libs/fingerboard/aggregateRows.test.ts"},{"assertionResults":[{"ancestorTitles":["classifyCell (§4-2 判定表)"],"fullName":"classifyCell (§4-2 判定表) n < nMin はデータ不足","status":"passed","title":"n < nMin はデータ不足","duration":292.51980000000003,"failureMessages":[],"meta":{},"tags":[]},{"ancestorTitles":["classifyCell (§4-2 判定表)"],"fullName":"classifyCell (§4-2 判定表) 境界: n = nMin は判定する","status":"passed","title":"境界: n = nMin は判定する","duration":1.640799999999217,"failureMessages":[],"meta":{},"tags":[]},{"ancestorTitles":["classifyCell (§4-2 判定表)"],"fullName":"classifyCell (§4-2 判定表) ミス率 20% 未満は安定","status":"passed","title":"ミス率 20% 未満は安定","duration":1.2903999999998632,"failureMessages":[],"meta":{},"tags":[]},{"ancestorTitles":["classifyCell (§4-2 判定表)"],"fullName":"classifyCell (§4-2 判定表) 境界: ミス率ちょうど 20% は安定ではない","status":"passed","title":"境界: ミス率ちょうど 20% は安定ではない","duration":1.1439000000000306,"failureMessages":[],"meta":{},"tags":[]},{"ancestorTitles":["classifyCell (§4-2 判定表)"],"fullName":"classifyCell (§4-2 判定表) 高が低の2倍以上 → sharp","status":"passed","title":"高が低の2倍以上 → sharp","duration":1.0920999999998457,"failureMessages":[],"meta":{},"tags":[]},{"ancestorTitles":["classifyCell (§4-2 判定表)"],"fullName":"classifyCell (§4-2 判定表) 低が高の2倍以上 → flat","status":"passed","title":"低が高の2倍以上 → flat","duration":1.251800000000003,"failureMessages":[],"meta":{},"tags":[]},{"ancestorTitles":["classifyCell (§4-2 判定表)"],"fullName":"classifyCell (§4-2 判定表) どちらtoo優勢でない → unstable (双方向・§9-D採用)","status":"passed","title":"どちらtoo優勢でない → unstable (双方向・§9-D採用)","duration":1.0027999999992971,"failureMessages":[],"meta":{},"tags":[]},{"ancestorTitles":["classifyCell (§4-2 判定表)"],"fullName":"classifyCell (§4-2 判定表) 濃度はミス率で段階変化","status":"passed","title":"濃度はミス率で段階変化","duration":2.020300000000134,"failureMessages":[],"meta":{},"tags":[]},{"ancestorTitles":["セル割当 (弦 + midi−開放弦midi)"],"fullName":"セル割当 (弦 + midi−開放弦midi) B5 on E線 → cell-E-07","status":"passed","title":"B5 on E線 → cell-E-07","duration":120.28669999999966,"failureMessages":[],"meta":{},"tags":[]},{"ancestorTitles":["セル割当 (弦 + midi−開放弦midi)"],"fullName":"セル割当 (弦 + midi−開放弦midi) 開放弦は 0 番セル","status":"passed","title":"開放弦は 0 番セル","duration":1.5005999999993946,"failureMessages":[],"meta":{},"tags":[]},{"ancestorTitles":["セル割当 (弦 + midi−開放弦midi)"],"fullName":"セル割当 (弦 + midi−開放弦midi) 同じ音でも弦が違えば別セル (A5: E線0 / A線12)","status":"passed","title":"同じ音でも弦が違えば別セル (A5: E線0 / A線12)","duration":1.6049999999995634,"failureMessages":[],"meta":{},"tags":[]},{"ancestorTitles":["ジオメトリ (実寸パリティ)"],"fullName":"ジオメトリ (実寸パリティ) 指板長 y(30) ≒ 270mm (実物)","status":"passed","title":"指板長 y(30) ≒ 270mm (実物)","duration":80.50810000000001,"failureMessages":[],"meta":{},"tags":[]},{"ancestorTitles":["ジオメトリ (実寸パリティ)"],"fullName":"ジオメトリ (実寸パリティ) B5セル(7番)の位置はナットから約96〜109mm (平均律 328×(1−2^(−n/12)))","status":"passed","title":"B5セル(7番)の位置はナットから約96〜109mm (平均律 328×(1−2^(−n/12)))","duration":1.4246000000002823,"failureMessages":[],"meta":{},"tags":[]},{"ancestorTitles":["ジオメトリ (実寸パリティ)"],"fullName":"ジオメトリ (実寸パリティ) セルは4弦×31段=124枚、ポリゴンは4点","status":"passed","title":"セルは4弦×31段=124枚、ポリゴンは4点","duration":15.905399999999645,"failureMessages":[],"meta":{},"tags":[]},{"ancestorTitles":["ジオメトリ (実寸パリティ)"],"fullName":"ジオメトリ (実寸パリティ) ナット幅24mm・指板端幅42mm","status":"passed","title":"ナット幅24mm・指板端幅42mm","duration":1.0385999999998603,"failureMessages":[],"meta":{},"tags":[]}],"startTime":1789231886664,"endTime":1789231887197.0386,"status":"passed","message":"","name":"C:/Users/tetsu/OneDrive/Desktop/shiftB/music-app/music-app/app/_libs/fingerboard/fingerboard.test.ts"},{"assertionResults":[{"ancestorTitles":["POST /api/apple/notifications"],"fullName":"POST /api/apple/notifications 同じ notificationUUID の 2 回目は duplicate で User を書かない (REQ-021)","status":"passed","title":"同じ notificationUUID の 2 回目は duplicate で User を書かない (REQ-021)","duration":152.03219999999965,"failureMessages":[],"meta":{},"tags":[]},{"ancestorTitles":["POST /api/apple/notifications"],"fullName":"POST /api/apple/notifications 持ち主が見つからなくても Apple には 200 を返し、行は processedAt つきで残る (REQ-028)","status":"passed","title":"持ち主が見つからなくても Apple には 200 を返し、行は processedAt つきで残る (REQ-028)","duration":16.807699999999386,"failureMessages":[],"meta":{},"tags":[]},{"ancestorTitles":["POST /api/apple/notifications"],"fullName":"POST /api/apple/notifications 適用できたら applied:true","status":"passed","title":"適用できたら applied:true","duration":9.300999999999476,"failureMessages":[],"meta":{},"tags":[]},{"ancestorTitles":["POST /api/apple/notifications"],"fullName":"POST /api/apple/notifications data が無い (App Store Connect の TEST 通知) は 400 no transaction・行は残る","status":"passed","title":"data が無い (App Store Connect の TEST 通知) は 400 no transaction・行は残る","duration":8.107700000000477,"failureMessages":[],"meta":{},"tags":[]},{"ancestorTitles":["POST /api/apple/notifications"],"fullName":"POST /api/apple/notifications 外側は通るが中の取引の署名が壊れている → 400 でエラーを行に残す","status":"passed","title":"外側は通るが中の取引の署名が壊れている → 400 でエラーを行に残す","duration":18.18209999999999,"failureMessages":[],"meta":{},"tags":[]},{"ancestorTitles":["POST /api/apple/notifications"],"fullName":"POST /api/apple/notifications 署名が通らない → 400 で保存しない (REQ-022)","status":"passed","title":"署名が通らない → 400 で保存しない (REQ-022)","duration":115.53739999999925,"failureMessages":[],"meta":{},"tags":[]},{"ancestorTitles":["POST /api/apple/notifications"],"fullName":"POST /api/apple/notifications 壊れた JSON・signedPayload 無しは 400","status":"passed","title":"壊れた JSON・signedPayload 無しは 400","duration":17.525700000000143,"failureMessages":[],"meta":{},"tags":[]}],"startTime":1789231825452,"endTime":1789231825870.5256,"status":"passed","message":"","name":"C:/Users/tetsu/OneDrive/Desktop/shiftB/music-app/music-app/app/api/apple/notifications/route.test.ts"},{"assertionResults":[{"ancestorTitles":["POST /api/apple/verify"],"fullName":"POST /api/apple/verify 未認証は 401","status":"passed","title":"未認証は 401","duration":346.8905999999997,"failureMessages":[],"meta":{},"tags":[]},{"ancestorTitles":["POST /api/apple/verify"],"fullName":"POST /api/apple/verify jws 無しは 400","status":"passed","title":"jws 無しは 400","duration":22.12960000000021,"failureMessages":[],"meta":{},"tags":[]},{"ancestorTitles":["POST /api/apple/verify"],"fullName":"POST /api/apple/verify appAccountToken が本人と違う (他人の証明) は 403 で反映しない (REQ-024)","status":"passed","title":"appAccountToken が本人と違う (他人の証明) は 403 で反映しない (REQ-024)","duration":29.811399999999594,"failureMessages":[],"meta":{},"tags":[]},{"ancestorTitles":["POST /api/apple/verify"],"fullName":"POST /api/apple/verify 本人の token なら反映して 200","status":"passed","title":"本人の token なら反映して 200","duration":12.362299999999777,"failureMessages":[],"meta":{},"tags":[]},{"ancestorTitles":["POST /api/apple/verify"],"fullName":"POST /api/apple/verify token 無しの証明は本人に結ぶ","status":"passed","title":"token 無しの証明は本人に結ぶ","duration":67.5640999999996,"failureMessages":[],"meta":{},"tags":[]},{"ancestorTitles":["POST /api/apple/verify"],"fullName":"POST /api/apple/verify 別のアカウントに結び済みの契約は 409 conflict (REQ-025/082)","status":"passed","title":"別のアカウントに結び済みの契約は 409 conflict (REQ-025/082)","duration":11.548400000000584,"failureMessages":[],"meta":{},"tags":[]},{"ancestorTitles":["POST /api/apple/verify"],"fullName":"POST /api/apple/verify 署名が通らない証明は 400","status":"passed","title":"署名が通らない証明は 400","duration":12.803199999999379,"failureMessages":[],"meta":{},"tags":[]}],"startTime":1789231832128,"endTime":1789231832649.8032,"status":"passed","message":"","name":"C:/Users/tetsu/OneDrive/Desktop/shiftB/music-app/music-app/app/api/apple/verify/route.test.ts"},{"assertionResults":[{"ancestorTitles":["content: レッスン集合"],"fullName":"content: レッスン集合 全23本 (LESSON_TOTAL) が読み込まれ id は一意","status":"passed","title":"全23本 (LESSON_TOTAL) が読み込まれ id は一意","duration":11.643999999998414,"failureMessages":[],"meta":{},"tags":[]},{"ancestorTitles":["content: レッスン集合"],"fullName":"content: レッスン集合 全レッスンにタグが解決されている (TAG_MAP 未定義なら import 時 throw)","status":"passed","title":"全レッスンにタグが解決されている (TAG_MAP 未定義なら import 時 throw)","duration":6.6612999999997555,"failureMessages":[],"meta":{},"tags":[]},{"ancestorTitles":["content: レッスン集合"],"fullName":"content: レッスン集合 position タグの key は positionTagKey の正規化結果と整合 ('2'..'6')","status":"passed","title":"position タグの key は positionTagKey の正規化結果と整合 ('2'..'6')","duration":7.558899999999994,"failureMessages":[],"meta":{},"tags":[]},{"ancestorTitles":["content: レッスン集合"],"fullName":"content: レッスン集合 LESSON_BY_TAG は tagId(tagType:tagKey) で逆引きできタグは一意","status":"passed","title":"LESSON_BY_TAG は tagId(tagType:tagKey) で逆引きできタグは一意","duration":3.7965000000003783,"failureMessages":[],"meta":{},"tags":[]},{"ancestorTitles":["content: レッスン集合"],"fullName":"content: レッスン集合 cat は bow/left/both のいずれか、figType は bow/fb","status":"passed","title":"cat は bow/left/both のいずれか、figType は bow/fb","duration":121.67150000000038,"failureMessages":[],"meta":{},"tags":[]},{"ancestorTitles":["content: lessonFingerNumbers"],"fullName":"content: lessonFingerNumbers 存在しないレッスンは空配列","status":"passed","title":"存在しないレッスンは空配列","duration":13.81880000000092,"failureMessages":[],"meta":{},"tags":[]},{"ancestorTitles":["content: lessonFingerNumbers"],"fullName":"content: lessonFingerNumbers fg があればそれを、無ければ A線1stポジションの運指を音高から導出 (pos2)","status":"passed","title":"fg があればそれを、無ければ A線1stポジションの運指を音高から導出 (pos2)","duration":3.105099999998856,"failureMessages":[],"meta":{},"tags":[]},{"ancestorTitles":["content: lessonFingerNumbers"],"fullName":"content: lessonFingerNumbers 開放弦からの上行スケールは 0,1,2,3 (staccato)","status":"passed","title":"開放弦からの上行スケールは 0,1,2,3 (staccato)","duration":1.4193999999988591,"failureMessages":[],"meta":{},"tags":[]},{"ancestorTitles":["content: lessonFingerNumbers"],"fullName":"content: lessonFingerNumbers 全レッスンで例外なく (string|undefined)[] を返す","status":"passed","title":"全レッスンで例外なく (string|undefined)[] を返す","duration":11.201900000000023,"failureMessages":[],"meta":{},"tags":[]},{"ancestorTitles":["content: FEEDBACK"],"fullName":"content: FEEDBACK 固定3種の掛け声を返し、1つ目に教材名が埋め込まれる","status":"passed","title":"固定3種の掛け声を返し、1つ目に教材名が埋め込まれる","duration":2.5595999999986816,"failureMessages":[],"meta":{},"tags":[]}],"startTime":1789231840307,"endTime":1789231840501.5596,"status":"passed","message":"","name":"C:/Users/tetsu/OneDrive/Desktop/shiftB/music-app/music-app/app/[userId]/lessons/_lib/content.test.ts"},{"assertionResults":[{"ancestorTitles":["frameRms"],"fullName":"frameRms 一定振幅の信号は各フレームでその振幅の RMS になる","status":"passed","title":"一定振幅の信号は各フレームでその振幅の RMS になる","duration":19.696500000000015,"failureMessages":[],"meta":{},"tags":[]},{"ancestorTitles":["frameRms"],"fullName":"frameRms 端数フレームは切り捨てられる (floor(len/frameLen))","status":"passed","title":"端数フレームは切り捨てられる (floor(len/frameLen))","duration":2.2737999999999374,"failureMessages":[],"meta":{},"tags":[]},{"ancestorTitles":["frameRms"],"fullName":"frameRms 無音は RMS 0","status":"passed","title":"無音は RMS 0","duration":183.5917999999997,"failureMessages":[],"meta":{},"tags":[]},{"ancestorTitles":["checkSound"],"fullName":"checkSound 期待タイミングが0件なら pass=false / ratio=0 (ゼロ割回避)","status":"passed","title":"期待タイミングが0件なら pass=false / ratio=0 (ゼロ割回避)","duration":2.507000000000062,"failureMessages":[],"meta":{},"tags":[]},{"ancestorTitles":["checkSound"],"fullName":"checkSound 全域で鳴っていれば全窓カバーで pass、かつ peakRatio 天井が効く","status":"passed","title":"全域で鳴っていれば全窓カバーで pass、かつ peakRatio 天井が効く","duration":1.4731999999999061,"failureMessages":[],"meta":{},"tags":[]},{"ancestorTitles":["checkSound"],"fullName":"checkSound 完全無音は絶対下限で全滅 (pass=false)","status":"passed","title":"完全無音は絶対下限で全滅 (pass=false)","duration":1.5980999999997039,"failureMessages":[],"meta":{},"tags":[]},{"ancestorTitles":["checkSound"],"fullName":"checkSound 一部の窓しか鳴っていないと passRatio(0.7) を割って fail","status":"passed","title":"一部の窓しか鳴っていないと passRatio(0.7) を割って fail","duration":2.0154999999999745,"failureMessages":[],"meta":{},"tags":[]},{"ancestorTitles":["checkSound"],"fullName":"checkSound passRatio 丁度以上なら pass (4窓中3窓=0.75≥0.7)","status":"passed","title":"passRatio 丁度以上なら pass (4窓中3窓=0.75≥0.7)","duration":231.8449999999998,"failureMessages":[],"meta":{},"tags":[]},{"ancestorTitles":["checkSound"],"fullName":"checkSound 窓は ±windowSec 内を走査する (境界近傍の音を拾う)","status":"passed","title":"窓は ±windowSec 内を走査する (境界近傍の音を拾う)","duration":3.2634000000002743,"failureMessages":[],"meta":{},"tags":[]}],"startTime":1789231878189,"endTime":1789231878643.2634,"status":"passed","message":"","name":"C:/Users/tetsu/OneDrive/Desktop/shiftB/music-app/music-app/app/[userId]/lessons/_lib/soundCheck.test.ts"}]}